#
# There is insufficient memory for the Java Runtime Environment to continue.
# Native memory allocation (mmap) failed to map 39845888 bytes for committing reserved memory.
# Possible reasons:
#   The system is out of physical RAM or swap space
#   In 32 bit mode, the process size limit was hit
# Possible solutions:
#   Reduce memory load on the system
#   Increase physical memory or swap space
#   Check if swap backing store is full
#   Use 64 bit Java on a 64 bit OS
#   Decrease Java heap size (-Xmx/-Xms)
#   Decrease number of Java threads
#   Decrease Java thread stack sizes (-Xss)
#   Set larger code cache with -XX:ReservedCodeCacheSize=
# This output file may be truncated or incomplete.
#
#  Out of Memory Error (os_linux.cpp:2627), pid=4134, tid=0x00007fc3abcfc700
#
# JRE version: Java(TM) SE Runtime Environment (8.0_101-b13) (build 1.8.0_101-b13)
# Java VM: Java HotSpot(TM) 64-Bit Server VM (25.101-b13 mixed mode linux-amd64 compressed oops)
# Failed to write core dump. Core dumps have been disabled. To enable core dumping, try "ulimit -c unlimited" before starting Java again
#

---------------  T H R E A D  ---------------

Current thread (0x00007fc3c0073800):  VMThread [stack: 0x00007fc3abbfc000,0x00007fc3abcfd000] [id=4141]

Stack: [0x00007fc3abbfc000,0x00007fc3abcfd000],  sp=0x00007fc3abcfb0b0,  free space=1020k
Native frames: (J=compiled Java code, j=interpreted, Vv=VM code, C=native code)
V  [libjvm.so+0xac3f0a]  VMError::report_and_die()+0x2ba
V  [libjvm.so+0x4fbf9b]  report_vm_out_of_memory(char const*, int, unsigned long, VMErrorType, char const*)+0x8b
V  [libjvm.so+0x9222d3]  os::Linux::commit_memory_impl(char*, unsigned long, bool)+0x103
V  [libjvm.so+0x922829]  os::pd_commit_memory(char*, unsigned long, unsigned long, bool)+0x29
V  [libjvm.so+0x91cb2a]  os::commit_memory(char*, unsigned long, unsigned long, bool)+0x2a
V  [libjvm.so+0x991053]  PSVirtualSpace::expand_by(unsigned long)+0x53
V  [libjvm.so+0x992458]  PSYoungGen::resize_generation(unsigned long, unsigned long)+0xf8
V  [libjvm.so+0x9915b2]  PSYoungGen::resize(unsigned long, unsigned long)+0x22
V  [libjvm.so+0x98e88b]  PSScavenge::invoke_no_policy()+0xf3b
V  [libjvm.so+0x98f011]  PSScavenge::invoke()+0x41
V  [libjvm.so+0x945fc0]  ParallelScavengeHeap::failed_mem_allocate(unsigned long)+0x70
V  [libjvm.so+0xac5927]  VM_ParallelGCFailedAllocation::doit()+0x97
V  [libjvm.so+0xacd405]  VM_Operation::evaluate()+0x55
V  [libjvm.so+0xacb7da]  VMThread::evaluate_operation(VM_Operation*)+0xba
V  [libjvm.so+0xacbb5e]  VMThread::loop()+0x1ce
V  [libjvm.so+0xacbfd0]  VMThread::run()+0x70
V  [libjvm.so+0x924698]  java_start(Thread*)+0x108

VM_Operation (0x00007fc3a924cf30): ParallelGCFailedAllocation, mode: safepoint, requested by thread 0x00007fc37c009000


---------------  P R O C E S S  ---------------

Java Threads: ( => current thread )
  0x00007fc37001a800 JavaThread "Stdin handler" [_thread_blocked, id=4158, stack(0x00007fc3a8f51000,0x00007fc3a9052000)]
  0x00007fc37001f000 JavaThread "Asynchronous log dispatcher for org.gradle.launcher.daemon.server.DefaultDaemonConnection@242e4a2c" [_thread_blocked, id=4157, stack(0x00007fc3a9052000,0x00007fc3a9153000)]
  0x00007fc37c009000 JavaThread "Daemon worker" [_thread_blocked, id=4154, stack(0x00007fc3a9153000,0x00007fc3a9254000)]
  0x00007fc37c004000 JavaThread "Cancel handler" [_thread_blocked, id=4153, stack(0x00007fc3a9454000,0x00007fc3a9555000)]
  0x00007fc37c005800 JavaThread "Handler for socket connection from /0:0:0:0:0:0:0:1:33053 to /0:0:0:0:0:0:0:1:43330" [_thread_in_native, id=4152, stack(0x00007fc3a9555000,0x00007fc3a9656000)]
  0x00007fc378017000 JavaThread "Daemon" [_thread_blocked, id=4151, stack(0x00007fc3a9656000,0x00007fc3a9757000)]
  0x00007fc3c0bf3800 JavaThread "Incoming local TCP Connector on port 33053" [_thread_in_native, id=4150, stack(0x00007fc3a995e000,0x00007fc3a9a5f000)]
  0x00007fc3c0bae800 JavaThread "pool-1-thread-1" [_thread_blocked, id=4149, stack(0x00007fc3a9a63000,0x00007fc3a9b64000)]
  0x00007fc3c00bb800 JavaThread "Service Thread" daemon [_thread_blocked, id=4147, stack(0x00007fc3aaf12000,0x00007fc3ab013000)]
  0x00007fc3c00b9000 JavaThread "C1 CompilerThread1" daemon [_thread_blocked, id=4146, stack(0x00007fc3ab013000,0x00007fc3ab114000)]
  0x00007fc3c00b6000 JavaThread "C2 CompilerThread0" daemon [_thread_blocked, id=4145, stack(0x00007fc3ab114000,0x00007fc3ab215000)]
  0x00007fc3c00b4800 JavaThread "Signal Dispatcher" daemon [_thread_blocked, id=4144, stack(0x00007fc3ab215000,0x00007fc3ab316000)]
  0x00007fc3c007f800 JavaThread "Finalizer" daemon [_thread_blocked, id=4143, stack(0x00007fc3ab9fa000,0x00007fc3abafb000)]
  0x00007fc3c007b000 JavaThread "Reference Handler" daemon [_thread_blocked, id=4142, stack(0x00007fc3abafb000,0x00007fc3abbfc000)]
  0x00007fc3c000a000 JavaThread "main" [_thread_blocked, id=4135, stack(0x00007fc3c9ae2000,0x00007fc3c9be3000)]

Other Threads:
=>0x00007fc3c0073800 VMThread [stack: 0x00007fc3abbfc000,0x00007fc3abcfd000] [id=4141]
  0x00007fc3c00be800 WatcherThread [stack: 0x00007fc3aae11000,0x00007fc3aaf12000] [id=4148]

VM state:at safepoint (normal execution)

VM Mutex/Monitor currently owned by a thread:  ([mutex/lock_event])
[0x00007fc3c00061d0] Threads_lock - owner thread: 0x00007fc3c0073800
[0x00007fc3c00066d0] Heap_lock - owner thread: 0x00007fc37c009000

Heap:
 PSYoungGen      total 38912K, used 4602K [0x00000000eab00000, 0x00000000ed600000, 0x0000000100000000)
  eden space 34304K, 0% used [0x00000000eab00000,0x00000000eab00000,0x00000000ecc80000)
  from space 4608K, 99% used [0x00000000ecc80000,0x00000000ed0fe918,0x00000000ed100000)
  to   space 4096K, 0% used [0x00000000ed100000,0x00000000ed100000,0x00000000ed500000)
 ParOldGen       total 22016K, used 9812K [0x00000000c0000000, 0x00000000c1580000, 0x00000000eab00000)
  object space 22016K, 44% used [0x00000000c0000000,0x00000000c0995370,0x00000000c1580000)
 Metaspace       used 20604K, capacity 20996K, committed 21248K, reserved 1067008K
  class space    used 2866K, capacity 2967K, committed 3072K, reserved 1048576K

Card table byte_map: [0x00007fc3c669e000,0x00007fc3c689f000] byte_map_base: 0x00007fc3c609e000

Marking Bits: (ParMarkBitMap*) 0x00007fc3c8fb6120
 Begin Bits: [0x00007fc3c4346000, 0x00007fc3c5346000)
 End Bits:   [0x00007fc3c5346000, 0x00007fc3c6346000)

Polling page: 0x00007fc3c9bf7000

CodeCache: size=245760Kb used=5083Kb max_used=5083Kb free=240676Kb
 bounds [0x00007fc3b1000000, 0x00007fc3b1500000, 0x00007fc3c0000000]
 total_blobs=1940 nmethods=1551 adapters=304
 compilation: enabled

Compilation events (10 events):
Event: 13.988 Thread 0x00007fc3c00b9000 nmethod 1546 0x00007fc3b14ec910 code [0x00007fc3b14eca60, 0x00007fc3b14ecb50]
Event: 14.008 Thread 0x00007fc3c00b6000 nmethod 1549 0x00007fc3b14ee390 code [0x00007fc3b14ee520, 0x00007fc3b14ee7c8]
Event: 14.140 Thread 0x00007fc3c00b9000 1550       1       java.util.concurrent.atomic.AtomicReference::get (5 bytes)
Event: 14.140 Thread 0x00007fc3c00b9000 nmethod 1550 0x00007fc3b14ee0d0 code [0x00007fc3b14ee220, 0x00007fc3b14ee330]
Event: 14.216 Thread 0x00007fc3c00b9000 1551       3       java.util.WeakHashMap::get (77 bytes)
Event: 14.219 Thread 0x00007fc3c00b9000 nmethod 1551 0x00007fc3b14f9550 code [0x00007fc3b14f9740, 0x00007fc3b14f9fc8]
Event: 16.415 Thread 0x00007fc3c00b9000 1552       1       java.util.concurrent.atomic.AtomicInteger::get (5 bytes)
Event: 16.754 Thread 0x00007fc3c00b9000 nmethod 1552 0x00007fc3b14f9290 code [0x00007fc3b14f93e0, 0x00007fc3b14f94f0]
Event: 19.443 Thread 0x00007fc3c00b9000 1553       3       com.google.common.collect.ImmutableMap::checkNoConflict (50 bytes)
Event: 19.757 Thread 0x00007fc3c00b9000 nmethod 1553 0x00007fc3b14fa350 code [0x00007fc3b14fa5e0, 0x00007fc3b14fb6f8]

GC Heap History (10 events):
Event: 0.766 GC heap after
Heap after GC invocations=2 (full 0):
 PSYoungGen      total 9728K, used 1008K [0x00000000eab00000, 0x00000000ebe00000, 0x0000000100000000)
  eden space 8704K, 0% used [0x00000000eab00000,0x00000000eab00000,0x00000000eb380000)
  from space 1024K, 98% used [0x00000000eb480000,0x00000000eb57c030,0x00000000eb580000)
  to   space 1024K, 0% used [0x00000000eb380000,0x00000000eb380000,0x00000000eb480000)
 ParOldGen       total 22016K, used 1985K [0x00000000c0000000, 0x00000000c1580000, 0x00000000eab00000)
  object space 22016K, 9% used [0x00000000c0000000,0x00000000c01f0628,0x00000000c1580000)
 Metaspace       used 5767K, capacity 6328K, committed 6528K, reserved 1056768K
  class space    used 747K, capacity 792K, committed 896K, reserved 1048576K
}
Event: 0.864 GC heap before
{Heap before GC invocations=3 (full 0):
 PSYoungGen      total 9728K, used 9712K [0x00000000eab00000, 0x00000000ebe00000, 0x0000000100000000)
  eden space 8704K, 100% used [0x00000000eab00000,0x00000000eb380000,0x00000000eb380000)
  from space 1024K, 98% used [0x00000000eb480000,0x00000000eb57c030,0x00000000eb580000)
  to   space 1024K, 0% used [0x00000000eb380000,0x00000000eb380000,0x00000000eb480000)
 ParOldGen       total 22016K, used 1985K [0x00000000c0000000, 0x00000000c1580000, 0x00000000eab00000)
  object space 22016K, 9% used [0x00000000c0000000,0x00000000c01f0628,0x00000000c1580000)
 Metaspace       used 5856K, capacity 6370K, committed 6528K, reserved 1056768K
  class space    used 755K, capacity 826K, committed 896K, reserved 1048576K
Event: 0.868 GC heap after
Heap after GC invocations=3 (full 0):
 PSYoungGen      total 9728K, used 1024K [0x00000000eab00000, 0x00000000ebe00000, 0x0000000100000000)
  eden space 8704K, 0% used [0x00000000eab00000,0x00000000eab00000,0x00000000eb380000)
  from space 1024K, 100% used [0x00000000eb380000,0x00000000eb480000,0x00000000eb480000)
  to   space 1024K, 0% used [0x00000000ebd00000,0x00000000ebd00000,0x00000000ebe00000)
 ParOldGen       total 22016K, used 2275K [0x00000000c0000000, 0x00000000c1580000, 0x00000000eab00000)
  object space 22016K, 10% used [0x00000000c0000000,0x00000000c0238c88,0x00000000c1580000)
 Metaspace       used 5856K, capacity 6370K, committed 6528K, reserved 1056768K
  class space    used 755K, capacity 826K, committed 896K, reserved 1048576K
}
Event: 1.031 GC heap before
{Heap before GC invocations=4 (full 0):
 PSYoungGen      total 9728K, used 9728K [0x00000000eab00000, 0x00000000ebe00000, 0x0000000100000000)
  eden space 8704K, 100% used [0x00000000eab00000,0x00000000eb380000,0x00000000eb380000)
  from space 1024K, 100% used [0x00000000eb380000,0x00000000eb480000,0x00000000eb480000)
  to   space 1024K, 0% used [0x00000000ebd00000,0x00000000ebd00000,0x00000000ebe00000)
 ParOldGen       total 22016K, used 2275K [0x00000000c0000000, 0x00000000c1580000, 0x00000000eab00000)
  object space 22016K, 10% used [0x00000000c0000000,0x00000000c0238c88,0x00000000c1580000)
 Metaspace       used 6375K, capacity 6704K, committed 6784K, reserved 1056768K
  class space    used 848K, capacity 896K, committed 896K, reserved 1048576K
Event: 1.037 GC heap after
Heap after GC invocations=4 (full 0):
 PSYoungGen      total 18432K, used 1008K [0x00000000eab00000, 0x00000000ebe00000, 0x0000000100000000)
  eden space 17408K, 0% used [0x00000000eab00000,0x00000000eab00000,0x00000000ebc00000)
  from space 1024K, 98% used [0x00000000ebd00000,0x00000000ebdfc010,0x00000000ebe00000)
  to   space 1024K, 0% used [0x00000000ebc00000,0x00000000ebc00000,0x00000000ebd00000)
 ParOldGen       total 22016K, used 3292K [0x00000000c0000000, 0x00000000c1580000, 0x00000000eab00000)
  object space 22016K, 14% used [0x00000000c0000000,0x00000000c0337390,0x00000000c1580000)
 Metaspace       used 6375K, capacity 6704K, committed 6784K, reserved 1056768K
  class space    used 848K, capacity 896K, committed 896K, reserved 1048576K
}
Event: 3.495 GC heap before
{Heap before GC invocations=5 (full 0):
 PSYoungGen      total 18432K, used 18416K [0x00000000eab00000, 0x00000000ebe00000, 0x0000000100000000)
  eden space 17408K, 100% used [0x00000000eab00000,0x00000000ebc00000,0x00000000ebc00000)
  from space 1024K, 98% used [0x00000000ebd00000,0x00000000ebdfc010,0x00000000ebe00000)
  to   space 1024K, 0% used [0x00000000ebc00000,0x00000000ebc00000,0x00000000ebd00000)
 ParOldGen       total 22016K, used 3292K [0x00000000c0000000, 0x00000000c1580000, 0x00000000eab00000)
  object space 22016K, 14% used [0x00000000c0000000,0x00000000c0337390,0x00000000c1580000)
 Metaspace       used 12382K, capacity 12696K, committed 12800K, reserved 1060864K
  class space    used 1670K, capacity 1781K, committed 1792K, reserved 1048576K
Event: 3.505 GC heap after
Heap after GC invocations=5 (full 0):
 PSYoungGen      total 18432K, used 1024K [0x00000000eab00000, 0x00000000ed500000, 0x0000000100000000)
  eden space 17408K, 0% used [0x00000000eab00000,0x00000000eab00000,0x00000000ebc00000)
  from space 1024K, 100% used [0x00000000ebc00000,0x00000000ebd00000,0x00000000ebd00000)
  to   space 4096K, 0% used [0x00000000ed100000,0x00000000ed100000,0x00000000ed500000)
 ParOldGen       total 22016K, used 6386K [0x00000000c0000000, 0x00000000c1580000, 0x00000000eab00000)
  object space 22016K, 29% used [0x00000000c0000000,0x00000000c063c8e8,0x00000000c1580000)
 Metaspace       used 12382K, capacity 12696K, committed 12800K, reserved 1060864K
  class space    used 1670K, capacity 1781K, committed 1792K, reserved 1048576K
}
Event: 7.316 GC heap before
{Heap before GC invocations=6 (full 0):
 PSYoungGen      total 18432K, used 18432K [0x00000000eab00000, 0x00000000ed500000, 0x0000000100000000)
  eden space 17408K, 100% used [0x00000000eab00000,0x00000000ebc00000,0x00000000ebc00000)
  from space 1024K, 100% used [0x00000000ebc00000,0x00000000ebd00000,0x00000000ebd00000)
  to   space 4096K, 0% used [0x00000000ed100000,0x00000000ed100000,0x00000000ed500000)
 ParOldGen       total 22016K, used 6386K [0x00000000c0000000, 0x00000000c1580000, 0x00000000eab00000)
  object space 22016K, 29% used [0x00000000c0000000,0x00000000c063c8e8,0x00000000c1580000)
 Metaspace       used 14296K, capacity 14584K, committed 14720K, reserved 1062912K
  class space    used 1986K, capacity 2069K, committed 2176K, reserved 1048576K
Event: 7.339 GC heap after
Heap after GC invocations=6 (full 0):
 PSYoungGen      total 38400K, used 3699K [0x00000000eab00000, 0x00000000ed600000, 0x0000000100000000)
  eden space 34304K, 0% used [0x00000000eab00000,0x00000000eab00000,0x00000000ecc80000)
  from space 4096K, 90% used [0x00000000ed100000,0x00000000ed49cc48,0x00000000ed500000)
  to   space 4608K, 0% used [0x00000000ecc80000,0x00000000ecc80000,0x00000000ed100000)
 ParOldGen       total 22016K, used 6394K [0x00000000c0000000, 0x00000000c1580000, 0x00000000eab00000)
  object space 22016K, 29% used [0x00000000c0000000,0x00000000c063e8e8,0x00000000c1580000)
 Metaspace       used 14296K, capacity 14584K, committed 14720K, reserved 1062912K
  class space    used 1986K, capacity 2069K, committed 2176K, reserved 1048576K
}
Event: 19.813 GC heap before
{Heap before GC invocations=7 (full 0):
 PSYoungGen      total 38400K, used 38003K [0x00000000eab00000, 0x00000000ed600000, 0x0000000100000000)
  eden space 34304K, 100% used [0x00000000eab00000,0x00000000ecc80000,0x00000000ecc80000)
  from space 4096K, 90% used [0x00000000ed100000,0x00000000ed49cc48,0x00000000ed500000)
  to   space 4608K, 0% used [0x00000000ecc80000,0x00000000ecc80000,0x00000000ed100000)
 ParOldGen       total 22016K, used 6394K [0x00000000c0000000, 0x00000000c1580000, 0x00000000eab00000)
  object space 22016K, 29% used [0x00000000c0000000,0x00000000c063e8e8,0x00000000c1580000)
 Metaspace       used 20604K, capacity 20996K, committed 21248K, reserved 1067008K
  class space    used 2866K, capacity 2967K, committed 3072K, reserved 1048576K

Deoptimization events (10 events):
Event: 7.301 Thread 0x00007fc37c009000 Uncommon trap: reason=class_check action=maybe_recompile pc=0x00007fc3b1226cc0 method=java.util.regex.Matcher.match(II)Z @ 86
Event: 7.301 Thread 0x00007fc37c009000 Uncommon trap: reason=class_check action=maybe_recompile pc=0x00007fc3b1226cc0 method=java.util.regex.Matcher.match(II)Z @ 86
Event: 7.877 Thread 0x00007fc37c009000 Uncommon trap: reason=unstable_if action=reinterpret pc=0x00007fc3b1228034 method=java.io.UnixFileSystem.resolve(Ljava/lang/String;Ljava/lang/String;)Ljava/lang/String; @ 57
Event: 12.068 Thread 0x00007fc37c009000 Uncommon trap: reason=unstable_if action=reinterpret pc=0x00007fc3b141442c method=java.util.HashMap.hash(Ljava/lang/Object;)I @ 1
Event: 12.158 Thread 0x00007fc37c009000 Uncommon trap: reason=unstable_if action=reinterpret pc=0x00007fc3b12460a8 method=java.util.HashMap.hash(Ljava/lang/Object;)I @ 1
Event: 12.467 Thread 0x00007fc37c009000 Uncommon trap: reason=unstable_if action=reinterpret pc=0x00007fc3b140938c method=java.util.HashMap.getNode(ILjava/lang/Object;)Ljava/util/HashMap$Node; @ 53
Event: 12.467 Thread 0x00007fc37c009000 Uncommon trap: reason=unstable_if action=reinterpret pc=0x00007fc3b135b6f0 method=java.util.HashMap.hash(Ljava/lang/Object;)I @ 1
Event: 12.467 Thread 0x00007fc37c009000 Uncommon trap: reason=unstable_if action=reinterpret pc=0x00007fc3b1368c88 method=java.util.HashMap.putVal(ILjava/lang/Object;Ljava/lang/Object;ZZ)Ljava/lang/Object; @ 85
Event: 12.879 Thread 0x00007fc37c009000 Uncommon trap: reason=class_check action=maybe_recompile pc=0x00007fc3b1442004 method=java.lang.reflect.Method.equals(Ljava/lang/Object;)Z @ 5
Event: 12.888 Thread 0x00007fc37c009000 Uncommon trap: reason=class_check action=maybe_recompile pc=0x00007fc3b1442004 method=java.lang.reflect.Method.equals(Ljava/lang/Object;)Z @ 5

Internal exceptions (10 events):
Event: 10.316 Thread 0x00007fc37c009000 Exception <a 'java/lang/ClassNotFoundException': java/lang/ObjectCustomizer> (0x00000000eba46a20) thrown at [/HUDSON3/workspace/8-2-build-linux-amd64/jdk8u101/7261/hotspot/src/share/vm/classfile/systemDictionary.cpp, line 210]
Event: 10.367 Thread 0x00007fc37c009000 Exception <a 'java/lang/ClassNotFoundException': groovy/lang/MetaClassImplCustomizer> (0x00000000eba59ef8) thrown at [/HUDSON3/workspace/8-2-build-linux-amd64/jdk8u101/7261/hotspot/src/share/vm/classfile/systemDictionary.cpp, line 210]
Event: 10.371 Thread 0x00007fc37c009000 Exception <a 'java/lang/ClassNotFoundException': groovy/lang/ExpandoMetaClassCustomizer> (0x00000000eba8dd20) thrown at [/HUDSON3/workspace/8-2-build-linux-amd64/jdk8u101/7261/hotspot/src/share/vm/classfile/systemDictionary.cpp, line 210]
Event: 10.386 Thread 0x00007fc37c009000 Exception <a 'java/lang/ClassNotFoundException': org/gradle/api/internal/plugins/DefaultExtraPropertiesExtensionBeanInfo> (0x00000000ebb10660) thrown at [/HUDSON3/workspace/8-2-build-linux-amd64/jdk8u101/7261/hotspot/src/share/vm/classfile/systemDictionar
Event: 10.386 Thread 0x00007fc37c009000 Exception <a 'java/lang/ClassNotFoundException': groovy/lang/GroovyObjectSupportBeanInfo> (0x00000000ebb1d168) thrown at [/HUDSON3/workspace/8-2-build-linux-amd64/jdk8u101/7261/hotspot/src/share/vm/classfile/systemDictionary.cpp, line 210]
Event: 10.386 Thread 0x00007fc37c009000 Exception <a 'java/lang/ClassNotFoundException': groovy/lang/GroovyObjectSupportCustomizer> (0x00000000ebb2a0e0) thrown at [/HUDSON3/workspace/8-2-build-linux-amd64/jdk8u101/7261/hotspot/src/share/vm/classfile/systemDictionary.cpp, line 210]
Event: 10.387 Thread 0x00007fc37c009000 Exception <a 'java/lang/ClassNotFoundException': org/gradle/api/internal/plugins/DefaultExtraPropertiesExtensionCustomizer> (0x00000000ebb419b0) thrown at [/HUDSON3/workspace/8-2-build-linux-amd64/jdk8u101/7261/hotspot/src/share/vm/classfile/systemDiction
Event: 12.068 Thread 0x00007fc37c009000 Implicit null exception at 0x00007fc3b1414235 to 0x00007fc3b141441d
Event: 12.157 Thread 0x00007fc37c009000 Implicit null exception at 0x00007fc3b124602f to 0x00007fc3b1246099
Event: 12.467 Thread 0x00007fc37c009000 Implicit null exception at 0x00007fc3b135b658 to 0x00007fc3b135b6e6

Events (10 events):
Event: 19.391 loading class com/google/common/collect/AbstractMapBasedMultimap$AsMap$AsMapIterator done
Event: 19.443 loading class com/google/common/collect/ImmutableSortedMap
Event: 19.443 loading class com/google/common/collect/ImmutableSortedMap done
Event: 19.491 loading class com/google/common/collect/ImmutableSortedMapFauxverideShim
Event: 19.491 loading class com/google/common/collect/ImmutableSortedMapFauxverideShim done
Event: 19.539 loading class com/google/common/collect/EmptyImmutableSortedMap
Event: 19.539 loading class com/google/common/collect/EmptyImmutableSortedMap done
Event: 19.562 loading class com/google/common/collect/ImmutableSortedSet
Event: 19.562 loading class com/google/common/collect/ImmutableSortedSet done
Event: 19.776 Executing VM operation: ParallelGCFailedAllocation


Dynamic libraries:
00400000-00401000 r-xp 00000000 08:01 2360100                            /usr/lib/jvm/java-8-oracle/bin/java
00600000-00601000 rw-p 00000000 08:01 2360100                            /usr/lib/jvm/java-8-oracle/bin/java
00f28000-00f49000 rw-p 00000000 00:00 0                                  [heap]
c0000000-c1580000 rw-p 00000000 00:00 0 
c1580000-eab00000 ---p 00000000 00:00 0 
eab00000-ed600000 rw-p 00000000 00:00 0 
efc00000-100000000 ---p 00000000 00:00 0 
100000000-100300000 rw-p 00000000 00:00 0 
100300000-140000000 ---p 00000000 00:00 0 
7fc370000000-7fc370452000 rw-p 00000000 00:00 0 
7fc370452000-7fc374000000 ---p 00000000 00:00 0 
7fc378000000-7fc378068000 rw-p 00000000 00:00 0 
7fc378068000-7fc37c000000 ---p 00000000 00:00 0 
7fc37c000000-7fc37c021000 rw-p 00000000 00:00 0 
7fc37c021000-7fc380000000 ---p 00000000 00:00 0 
7fc380000000-7fc380021000 rw-p 00000000 00:00 0 
7fc380021000-7fc384000000 ---p 00000000 00:00 0 
7fc384000000-7fc384021000 rw-p 00000000 00:00 0 
7fc384021000-7fc388000000 ---p 00000000 00:00 0 
7fc388000000-7fc3883a7000 rw-p 00000000 00:00 0 
7fc3883a7000-7fc38c000000 ---p 00000000 00:00 0 
7fc38c000000-7fc38c021000 rw-p 00000000 00:00 0 
7fc38c021000-7fc390000000 ---p 00000000 00:00 0 
7fc390000000-7fc390021000 rw-p 00000000 00:00 0 
7fc390021000-7fc394000000 ---p 00000000 00:00 0 
7fc394000000-7fc395a29000 rw-p 00000000 00:00 0 
7fc395a29000-7fc398000000 ---p 00000000 00:00 0 
7fc398000000-7fc398021000 rw-p 00000000 00:00 0 
7fc398021000-7fc39c000000 ---p 00000000 00:00 0 
7fc39c000000-7fc39c021000 rw-p 00000000 00:00 0 
7fc39c021000-7fc3a0000000 ---p 00000000 00:00 0 
7fc3a0000000-7fc3a028d000 rw-p 00000000 00:00 0 
7fc3a028d000-7fc3a4000000 ---p 00000000 00:00 0 
7fc3a4000000-7fc3a4022000 rw-p 00000000 00:00 0 
7fc3a4022000-7fc3a8000000 ---p 00000000 00:00 0 
7fc3a88d7000-7fc3a8a98000 rw-p 00000000 00:00 0 
7fc3a8a98000-7fc3a8ad8000 ---p 00000000 00:00 0 
7fc3a8ad8000-7fc3a8cd8000 rw-p 00000000 00:00 0 
7fc3a8cd8000-7fc3a8ed8000 rw-p 00000000 00:00 0 
7fc3a8ed8000-7fc3a8f51000 r--s 010e5000 08:01 1838376                    /usr/lib/jvm/java-8-oracle/lib/tools.jar
7fc3a8f51000-7fc3a8f54000 ---p 00000000 00:00 0 
7fc3a8f54000-7fc3a9052000 rw-p 00000000 00:00 0                          [stack:4158]
7fc3a9052000-7fc3a9055000 ---p 00000000 00:00 0 
7fc3a9055000-7fc3a9153000 rw-p 00000000 00:00 0                          [stack:4157]
7fc3a9153000-7fc3a9156000 ---p 00000000 00:00 0 
7fc3a9156000-7fc3a9454000 rw-p 00000000 00:00 0                          [stack:4154]
7fc3a9454000-7fc3a9457000 ---p 00000000 00:00 0 
7fc3a9457000-7fc3a9555000 rw-p 00000000 00:00 0                          [stack:4153]
7fc3a9555000-7fc3a9558000 ---p 00000000 00:00 0 
7fc3a9558000-7fc3a9656000 rw-p 00000000 00:00 0                          [stack:4152]
7fc3a9656000-7fc3a9659000 ---p 00000000 00:00 0 
7fc3a9659000-7fc3a9757000 rw-p 00000000 00:00 0                          [stack:4151]
7fc3a9757000-7fc3a975e000 r--s 00000000 08:01 427189                     /usr/lib/x86_64-linux-gnu/gconv/gconv-modules.cache
7fc3a975e000-7fc3a995e000 rw-p 00000000 00:00 0 
7fc3a995e000-7fc3a9961000 ---p 00000000 00:00 0 
7fc3a9961000-7fc3a9a5f000 rw-p 00000000 00:00 0                          [stack:4150]
7fc3a9a5f000-7fc3a9a63000 r--s 00097000 08:01 2099387                    /usr/lib/jvm/java-8-oracle/jre/lib/jsse.jar
7fc3a9a63000-7fc3a9a66000 ---p 00000000 00:00 0 
7fc3a9a66000-7fc3a9b64000 rw-p 00000000 00:00 0                          [stack:4149]
7fc3a9b64000-7fc3a9b6d000 r-xp 00000000 08:01 2360342                    /usr/lib/jvm/java-8-oracle/jre/lib/amd64/libmanagement.so
7fc3a9b6d000-7fc3a9d6c000 ---p 00009000 08:01 2360342                    /usr/lib/jvm/java-8-oracle/jre/lib/amd64/libmanagement.so
7fc3a9d6c000-7fc3a9d6d000 rw-p 00008000 08:01 2360342                    /usr/lib/jvm/java-8-oracle/jre/lib/amd64/libmanagement.so
7fc3a9d6d000-7fc3a9d6f000 r--s 00007000 08:01 1706534                    /home/oscar/.sdkman/candidates/gradle/3.0/lib/plugins/gradle-tooling-api-builders-3.0.jar
7fc3a9d6f000-7fc3a9d72000 r--s 00008000 08:01 1706527                    /home/oscar/.sdkman/candidates/gradle/3.0/lib/plugins/gradle-testing-native-3.0.jar
7fc3a9d72000-7fc3a9d74000 r--s 00009000 08:01 1706605                    /home/oscar/.sdkman/candidates/gradle/3.0/lib/plugins/hamcrest-core-1.3.jar
7fc3a9d74000-7fc3a9d7a000 r--s 00033000 08:01 1706599                    /home/oscar/.sdkman/candidates/gradle/3.0/lib/plugins/snakeyaml-1.6.jar
7fc3a9d7a000-7fc3a9d7c000 r--s 00006000 08:01 1706598                    /home/oscar/.sdkman/candidates/gradle/3.0/lib/plugins/jcommander-1.12.jar
7fc3a9d7c000-7fc3a9d81000 r--s 00040000 08:01 1706597                    /home/oscar/.sdkman/candidates/gradle/3.0/lib/plugins/bsh-2.0b4.jar
7fc3a9d81000-7fc3a9d8a000 r--s 00089000 08:01 1706556                    /home/oscar/.sdkman/candidates/gradle/3.0/lib/plugins/testng-6.3.1.jar
7fc3a9d8a000-7fc3a9d92000 r--s 00045000 08:01 1706555                    /home/oscar/.sdkman/candidates/gradle/3.0/lib/plugins/junit-4.12.jar
7fc3a9d92000-7fc3a9d98000 r--s 0002e000 08:01 1706528                    /home/oscar/.sdkman/candidates/gradle/3.0/lib/plugins/gradle-testing-jvm-3.0.jar
7fc3a9d98000-7fc3a9d9c000 r--s 00016000 08:01 1706526                    /home/oscar/.sdkman/candidates/gradle/3.0/lib/plugins/gradle-testing-base-3.0.jar
7fc3a9d9c000-7fc3a9da3000 r--s 00038000 08:01 1706550                    /home/oscar/.sdkman/candidates/gradle/3.0/lib/plugins/bcpg-jdk15on-1.51.jar
7fc3a9da3000-7fc3a9da5000 r--s 0000c000 08:01 1706505                    /home/oscar/.sdkman/candidates/gradle/3.0/lib/plugins/gradle-signing-3.0.jar
7fc3a9da5000-7fc3a9da7000 r--s 00007000 08:01 1706504                    /home/oscar/.sdkman/candidates/gradle/3.0/lib/plugins/gradle-scala-3.0.jar
7fc3a9da7000-7fc3a9da8000 r--s 00004000 08:01 1706532                    /home/oscar/.sdkman/candidates/gradle/3.0/lib/plugins/gradle-resources-sftp-3.0.jar
7fc3a9da8000-7fc3a9db8000 r--s 00088000 08:01 1706566                    /home/oscar/.sdkman/candidates/gradle/3.0/lib/plugins/joda-time-2.8.2.jar
7fc3a9db8000-7fc3a9dc9000 r--s 0010d000 08:01 1706565                    /home/oscar/.sdkman/candidates/gradle/3.0/lib/plugins/jackson-databind-2.6.6.jar
7fc3a9dc9000-7fc3a9dcc000 r--s 00009000 08:01 1706564                    /home/oscar/.sdkman/candidates/gradle/3.0/lib/plugins/jackson-annotations-2.6.6.jar
7fc3a9dcc000-7fc3a9dd0000 r--s 0003c000 08:01 1706563                    /home/oscar/.sdkman/candidates/gradle/3.0/lib/plugins/jackson-core-2.6.6.jar
7fc3a9dd0000-7fc3a9dde000 r--s 00087000 08:01 1706562                    /home/oscar/.sdkman/candidates/gradle/3.0/lib/plugins/aws-java-sdk-core-1.11.6.jar
7fc3a9dde000-7fc3a9de5000 r--s 00057000 08:01 1706561                    /home/oscar/.sdkman/candidates/gradle/3.0/lib/plugins/aws-java-sdk-kms-1.11.6.jar
7fc3a9de5000-7fc3a9df2000 r--s 0008e000 08:01 1706560                    /home/oscar/.sdkman/candidates/gradle/3.0/lib/plugins/aws-java-sdk-s3-1.11.6.jar
7fc3a9df2000-7fc3a9df3000 r--s 00004000 08:01 1706533                    /home/oscar/.sdkman/candidates/gradle/3.0/lib/plugins/gradle-resources-s3-3.0.jar
7fc3a9df3000-7fc3a9df5000 r--s 00005000 08:01 1706554                    /home/oscar/.sdkman/candidates/gradle/3.0/lib/plugins/jatl-0.2.2.jar
7fc3a9df5000-7fc3a9df7000 r--s 0000f000 08:01 1706510                    /home/oscar/.sdkman/candidates/gradle/3.0/lib/plugins/gradle-reporting-3.0.jar
7fc3a9df7000-7fc3a9df9000 r--s 00002000 08:01 1706511                    /home/oscar/.sdkman/candidates/gradle/3.0/lib/plugins/gradle-publish-3.0.jar
7fc3a9df9000-7fc3a9dfb000 r--s 00009000 08:01 1706537                    /home/oscar/.sdkman/candidates/gradle/3.0/lib/plugins/commons-cli-1.2.jar
7fc3a9dfb000-7fc3a9e00000 r--s 00031000 08:01 1706496                    /home/oscar/.sdkman/candidates/gradle/3.0/lib/plugins/gradle-plugins-3.0.jar
7fc3a9e00000-7fc3a9e02000 r--s 00009000 08:01 1706529                    /home/oscar/.sdkman/candidates/gradle/3.0/lib/plugins/gradle-plugin-development-3.0.jar
7fc3a9e02000-7fc3a9e08000 r--s 0002b000 08:01 1706522                    /home/oscar/.sdkman/candidates/gradle/3.0/lib/plugins/gradle-platform-play-3.0.jar
7fc3a9e08000-7fc3a9e15000 r--s 0004e000 08:01 1706521                    /home/oscar/.sdkman/candidates/gradle/3.0/lib/plugins/gradle-platform-native-3.0.jar
7fc3a9e15000-7fc3a9e19000 r--s 0001b000 08:01 1706516                    /home/oscar/.sdkman/candidates/gradle/3.0/lib/plugins/gradle-platform-jvm-3.0.jar
7fc3a9e19000-7fc3a9e20000 r--s 00029000 08:01 1706515                    /home/oscar/.sdkman/candidates/gradle/3.0/lib/plugins/gradle-platform-base-3.0.jar
7fc3a9e20000-7fc3a9e48000 r--s 0021c000 08:01 1706545                    /home/oscar/.sdkman/candidates/gradle/3.0/lib/plugins/biz.aQute.bndlib-3.2.0.jar
7fc3a9e48000-7fc3a9e4a000 r--s 00003000 08:01 1706500                    /home/oscar/.sdkman/candidates/gradle/3.0/lib/plugins/gradle-osgi-3.0.jar
7fc3a9e4a000-7fc3a9e4d000 r--s 0000c000 08:01 1706548                    /home/oscar/.sdkman/candidates/gradle/3.0/lib/plugins/pmaven-groovy-0.8-20100325.jar
7fc3a9e4d000-7fc3a9e4e000 r--s 00004000 08:01 1706547                    /home/oscar/.sdkman/candidates/gradle/3.0/lib/plugins/pmaven-common-0.8-20100325.jar
7fc3a9e4e000-7fc3a9e53000 r--s 00023000 08:01 1706501                    /home/oscar/.sdkman/candidates/gradle/3.0/lib/plugins/gradle-maven-3.0.jar
7fc3a9e53000-7fc3a9e56000 r--s 0000a000 08:01 1706520                    /home/oscar/.sdkman/candidates/gradle/3.0/lib/plugins/gradle-language-scala-3.0.jar
7fc3a9e56000-7fc3a9e5c000 r--s 0001b000 08:01 1706524                    /home/oscar/.sdkman/candidates/gradle/3.0/lib/plugins/gradle-language-native-3.0.jar
7fc3a9e5c000-7fc3a9e5e000 r--s 00008000 08:01 1706517                    /home/oscar/.sdkman/candidates/gradle/3.0/lib/plugins/gradle-language-jvm-3.0.jar
7fc3a9e5e000-7fc3a9e65000 r--s 00025000 08:01 1706518                    /home/oscar/.sdkman/candidates/gradle/3.0/lib/plugins/gradle-language-java-3.0.jar
7fc3a9e65000-7fc3a9e67000 r--s 0000a000 08:01 1706519                    /home/oscar/.sdkman/candidates/gradle/3.0/lib/plugins/gradle-language-groovy-3.0.jar
7fc3a9e67000-7fc3a9e6a000 r--s 0001e000 08:01 1706572                    /home/oscar/.sdkman/candidates/gradle/3.0/lib/plugins/jsp-api-2.1-6.1.14.jar
7fc3a9e6a000-7fc3a9e8d000 r--s 00344000 08:01 1706571                    /home/oscar/.sdkman/candidates/gradle/3.0/lib/plugins/core-3.1.1.jar
7fc3a9e8d000-7fc3a9e8e000 r--s 00006000 08:01 1706570                    /home/oscar/.sdkman/candidates/gradle/3.0/lib/plugins/jetty-naming-6.1.25.jar
7fc3a9e8e000-7fc3a9e8f000 r--s 00002000 08:01 1706544                    /home/oscar/.sdkman/candidates/gradle/3.0/lib/plugins/geronimo-annotation_1.0_spec-1.0.jar
7fc3a9e8f000-7fc3a9e91000 r--s 00002000 08:01 1706543                    /home/oscar/.sdkman/candidates/gradle/3.0/lib/plugins/jetty-annotations-6.1.25.jar
7fc3a9e91000-7fc3a9ea2000 r--s 000ea000 08:01 1706542                    /home/oscar/.sdkman/candidates/gradle/3.0/lib/plugins/jsp-2.1-6.1.14.jar
7fc3a9ea2000-7fc3a9ea4000 r--s 0000d000 08:01 1706541                    /home/oscar/.sdkman/candidates/gradle/3.0/lib/plugins/jetty-plus-6.1.25.jar
7fc3a9ea4000-7fc3a9ea6000 r--s 0001f000 08:01 1706540                    /home/oscar/.sdkman/candidates/gradle/3.0/lib/plugins/servlet-api-2.5-20081211.jar
7fc3a9ea6000-7fc3a9eaa000 r--s 00028000 08:01 1706539                    /home/oscar/.sdkman/candidates/gradle/3.0/lib/plugins/jetty-util-6.1.25.jar
7fc3a9eaa000-7fc3a9eb1000 r--s 0007d000 08:01 1706538                    /home/oscar/.sdkman/candidates/gradle/3.0/lib/plugins/jetty-6.1.25.jar
7fc3a9eb1000-7fc3a9eb3000 r--s 0000a000 08:01 1706498                    /home/oscar/.sdkman/candidates/gradle/3.0/lib/plugins/gradle-jetty-3.0.jar
7fc3a9eb3000-7fc3a9eba000 r--s 00035000 08:01 1706553                    /home/oscar/.sdkman/candidates/gradle/3.0/lib/plugins/simple-4.1.21.jar
7fc3a9eba000-7fc3a9ec6000 r--s 00100000 08:01 1706551                    /home/oscar/.sdkman/candidates/gradle/3.0/lib/plugins/rhino-1.7R3.jar
7fc3a9ec6000-7fc3a9eca000 r--s 00012000 08:01 1706507                    /home/oscar/.sdkman/candidates/gradle/3.0/lib/plugins/gradle-javascript-3.0.jar
7fc3a9eca000-7fc3a9ecc000 r--s 0000c000 08:01 1706513                    /home/oscar/.sdkman/candidates/gradle/3.0/lib/plugins/gradle-jacoco-3.0.jar
7fc3a9ecc000-7fc3a9ecf000 r--s 0000e000 08:01 1706512                    /home/oscar/.sdkman/candidates/gradle/3.0/lib/plugins/gradle-ivy-3.0.jar
7fc3a9ecf000-7fc3a9ed0000 r--s 00002000 08:01 1706523                    /home/oscar/.sdkman/candidates/gradle/3.0/lib/plugins/gradle-ide-play-3.0.jar
7fc3a9ed0000-7fc3a9ed3000 r--s 00013000 08:01 1706525                    /home/oscar/.sdkman/candidates/gradle/3.0/lib/plugins/gradle-ide-native-3.0.jar
7fc3a9ed3000-7fc3a9edd000 r--s 00054000 08:01 1706502                    /home/oscar/.sdkman/candidates/gradle/3.0/lib/plugins/gradle-ide-3.0.jar
7fc3a9edd000-7fc3a9edf000 r--s 00007000 08:01 1706506                    /home/oscar/.sdkman/candidates/gradle/3.0/lib/plugins/gradle-ear-3.0.jar
7fc3a9edf000-7fc3a9ee5000 r--s 00033000 08:01 1706509                    /home/oscar/.sdkman/candidates/gradle/3.0/lib/plugins/gradle-diagnostics-3.0.jar
7fc3a9ee5000-7fc3a9eea000 r--s 00022000 08:01 1706497                    /home/oscar/.sdkman/candidates/gradle/3.0/lib/plugins/gradle-code-quality-3.0.jar
7fc3a9eea000-7fc3a9eef000 r--s 0001f000 08:01 1706514                    /home/oscar/.sdkman/candidates/gradle/3.0/lib/plugins/gradle-build-init-3.0.jar
7fc3a9eef000-7fc3a9ef5000 r--s 0008e000 08:01 1706508                    /home/oscar/.sdkman/candidates/gradle/3.0/lib/plugins/gradle-build-comparison-3.0.jar
7fc3a9ef5000-7fc3a9ef7000 r--s 00008000 08:01 1706499                    /home/oscar/.sdkman/candidates/gradle/3.0/lib/plugins/gradle-antlr-3.0.jar
7fc3a9ef7000-7fc3a9ef9000 r--s 00004000 08:01 1706503                    /home/oscar/.sdkman/candidates/gradle/3.0/lib/plugins/gradle-announce-3.0.jar
7fc3a9ef9000-7fc3a9f01000 r--s 00028000 08:01 1706603                    /home/oscar/.sdkman/candidates/gradle/3.0/lib/plugins/xml-apis-1.3.04.jar
7fc3a9f01000-7fc3a9f19000 r--s 00115000 08:01 1706602                    /home/oscar/.sdkman/candidates/gradle/3.0/lib/plugins/xercesImpl-2.9.1.jar
7fc3a9f19000-7fc3a9f1f000 r--s 0005b000 08:01 1706601                    /home/oscar/.sdkman/candidates/gradle/3.0/lib/plugins/jcifs-1.3.17.jar
7fc3a9f1f000-7fc3a9f26000 r--s 00049000 08:01 1706600                    /home/oscar/.sdkman/candidates/gradle/3.0/lib/plugins/httpcore-4.4.4.jar
7fc3a9f26000-7fc3a9f2c000 r--s 00033000 08:01 1706549                    /home/oscar/.sdkman/candidates/gradle/3.0/lib/plugins/commons-codec-1.6.jar
7fc3a9f2c000-7fc3a9f2f000 r--s 0001c000 08:01 1706558                    /home/oscar/.sdkman/candidates/gradle/3.0/lib/plugins/nekohtml-1.9.14.jar
7fc3a9f2f000-7fc3a9f3c000 r--s 000a4000 08:01 1706557                    /home/oscar/.sdkman/candidates/gradle/3.0/lib/plugins/httpclient-4.4.1.jar
7fc3a9f3c000-7fc3a9f3f000 r--s 0000a000 08:01 1706531                    /home/oscar/.sdkman/candidates/gradle/3.0/lib/plugins/gradle-resources-http-3.0.jar
7fc3a9f3f000-7fc3a9f43000 r--s 00015000 08:01 1706530                    /home/oscar/.sdkman/candidates/gradle/3.0/lib/plugins/gradle-plugin-use-3.0.jar
7fc3a9f43000-7fc3a9f44000 r--s 00000000 08:01 1706445                    /home/oscar/.sdkman/candidates/gradle/3.0/lib/gradle-installation-beacon-3.0.jar
7fc3a9f44000-7fc3a9f45000 r--s 00007000 08:01 1706596                    /home/oscar/.sdkman/candidates/gradle/3.0/lib/plugins/wagon-http-shared4-2.4.jar
7fc3a9f45000-7fc3a9f49000 r--s 00033000 08:01 1706595                    /home/oscar/.sdkman/candidates/gradle/3.0/lib/plugins/plexus-utils-2.0.6.jar
7fc3a9f49000-7fc3a9f4d000 r--s 00021000 08:01 1706594                    /home/oscar/.sdkman/candidates/gradle/3.0/lib/plugins/maven-model-builder-3.0.4.jar
7fc3a9f4d000-7fc3a9f4e000 r--s 00002000 08:01 1706593                    /home/oscar/.sdkman/candidates/gradle/3.0/lib/plugins/wagon-file-2.4.jar
7fc3a9f4e000-7fc3a9f50000 r--s 00002000 08:01 1706592                    /home/oscar/.sdkman/candidates/gradle/3.0/lib/plugins/plexus-cipher-1.7.jar
7fc3a9f50000-7fc3a9f53000 r--s 00013000 08:01 1706591                    /home/oscar/.sdkman/candidates/gradle/3.0/lib/plugins/aether-api-1.13.1.jar
7fc3a9f53000-7fc3a9f55000 r--s 0000a000 08:01 1706590                    /home/oscar/.sdkman/candidates/gradle/3.0/lib/plugins/maven-settings-3.0.4.jar
7fc3a9f55000-7fc3a9f57000 r--s 0000d000 08:01 1706589                    /home/oscar/.sdkman/candidates/gradle/3.0/lib/plugins/plexus-interpolation-1.14.jar
7fc3a9f57000-7fc3a9f59000 r--s 0000b000 08:01 1706588                    /home/oscar/.sdkman/candidates/gradle/3.0/lib/plugins/maven-artifact-3.0.4.jar
7fc3a9f59000-7fc3a9f60000 r--s 0002e000 08:01 1706587                    /home/oscar/.sdkman/candidates/gradle/3.0/lib/plugins/plexus-container-default-1.5.5.jar
7fc3a9f60000-7fc3a9f62000 r--s 0000b000 08:01 1706586                    /home/oscar/.sdkman/candidates/gradle/3.0/lib/plugins/maven-plugin-api-3.0.4.jar
7fc3a9f62000-7fc3a9f64000 r--s 00000000 08:01 1706604                    /home/oscar/.sdkman/candidates/gradle/3.0/lib/plugins/plexus-component-annotations-1.5.5.jar
7fc3a9f64000-7fc3a9f6a000 r--s 0003f000 08:01 1706585                    /home/oscar/.sdkman/candidates/gradle/3.0/lib/plugins/maven-compat-3.0.4.jar
7fc3a9f6a000-7fc3a9f6d000 r--s 00008000 08:01 1706584                    /home/oscar/.sdkman/candidates/gradle/3.0/lib/plugins/maven-settings-builder-3.0.4.jar
7fc3a9f6d000-7fc3a9f6e000 r--s 00002000 08:01 1706583                    /home/oscar/.sdkman/candidates/gradle/3.0/lib/plugins/wagon-http-2.4.jar
7fc3a9f6e000-7fc3a9f70000 r--s 00026000 08:01 1706582                    /home/oscar/.sdkman/candidates/gradle/3.0/lib/plugins/maven-model-3.0.4.jar
7fc3a9f70000-7fc3a9f72000 r--s 00006000 08:01 1706581                    /home/oscar/.sdkman/candidates/gradle/3.0/lib/plugins/aether-connector-wagon-1.13.1.jar
7fc3a9f72000-7fc3a9f74000 r--s 0000a000 08:01 1706580                    /home/oscar/.sdkman/candidates/gradle/3.0/lib/plugins/plexus-classworlds-2.4.jar
7fc3a9f74000-7fc3a9f76000 r--s 00006000 08:01 1706579                    /home/oscar/.sdkman/candidates/gradle/3.0/lib/plugins/maven-repository-metadata-3.0.4.jar
7fc3a9f76000-7fc3a9f78000 r--s 0000c000 08:01 1706578                    /home/oscar/.sdkman/candidates/gradle/3.0/lib/plugins/maven-aether-provider-3.0.4.jar
7fc3a9f78000-7fc3a9f7a000 r--s 0000b000 08:01 1706577                    /home/oscar/.sdkman/candidates/gradle/3.0/lib/plugins/wagon-provider-api-2.4.jar
7fc3a9f7a000-7fc3a9f7e000 r--s 0001c000 08:01 1706575                    /home/oscar/.sdkman/candidates/gradle/3.0/lib/plugins/aether-util-1.13.1.jar
7fc3a9f7e000-7fc3a9f81000 r--s 0001d000 08:01 1706574                    /home/oscar/.sdkman/candidates/gradle/3.0/lib/plugins/aether-impl-1.13.1.jar
7fc3a9f81000-7fc3a9f86000 r--s 00040000 08:01 1706559                    /home/oscar/.sdkman/candidates/gradle/3.0/lib/plugins/jsch-0.1.53.jar
7fc3a9f86000-7fc3a9fc6000 r--s 00277000 08:01 1706569                    /home/oscar/.sdkman/candidates/gradle/3.0/lib/plugins/bcprov-jdk15on-1.51.jar
7fc3a9fc6000-7fc3a9fca000 r--s 0001d000 08:01 1706568                    /home/oscar/.sdkman/candidates/gradle/3.0/lib/plugins/xbean-reflect-3.4.jar
7fc3a9fca000-7fc3a9fd6000 r--s 0007d000 08:01 1706546                    /home/oscar/.sdkman/candidates/gradle/3.0/lib/plugins/maven-core-3.0.4.jar
7fc3a9fd6000-7fc3a9fdb000 r--s 0002a000 08:01 1706552                    /home/oscar/.sdkman/candidates/gradle/3.0/lib/plugins/gson-2.2.4.jar
7fc3a9fdb000-7fc3a9ff8000 r--s 000e0000 08:01 1706535                    /home/oscar/.sdkman/candidates/gradle/3.0/lib/plugins/gradle-dependency-management-3.0.jar
7fc3a9ff8000-7fc3aa00d000 r-xp 00000000 08:01 787715                     /lib/x86_64-linux-gnu/libgcc_s.so.1
7fc3aa00d000-7fc3aa20c000 ---p 00015000 08:01 787715                     /lib/x86_64-linux-gnu/libgcc_s.so.1
7fc3aa20c000-7fc3aa20d000 r--p 00014000 08:01 787715                     /lib/x86_64-linux-gnu/libgcc_s.so.1
7fc3aa20d000-7fc3aa20e000 rw-p 00015000 08:01 787715                     /lib/x86_64-linux-gnu/libgcc_s.so.1
7fc3aa20e000-7fc3aa2f0000 r-xp 00000000 08:01 140417                     /usr/lib/x86_64-linux-gnu/libstdc++.so.6.0.16
7fc3aa2f0000-7fc3aa4ef000 ---p 000e2000 08:01 140417                     /usr/lib/x86_64-linux-gnu/libstdc++.so.6.0.16
7fc3aa4ef000-7fc3aa4f7000 r--p 000e1000 08:01 140417                     /usr/lib/x86_64-linux-gnu/libstdc++.so.6.0.16
7fc3aa4f7000-7fc3aa4f9000 rw-p 000e9000 08:01 140417                     /usr/lib/x86_64-linux-gnu/libstdc++.so.6.0.16
7fc3aa4f9000-7fc3aa50e000 rw-p 00000000 00:00 0 
7fc3aa50e000-7fc3aa50f000 r--s 00003000 08:01 1706576                    /home/oscar/.sdkman/candidates/gradle/3.0/lib/plugins/aether-spi-1.13.1.jar
7fc3aa50f000-7fc3aa510000 r--s 00006000 08:01 1706573                    /home/oscar/.sdkman/candidates/gradle/3.0/lib/plugins/plexus-sec-dispatcher-1.3.jar
7fc3aa510000-7fc3aa51f000 r--s 000d9000 08:01 1706567                    /home/oscar/.sdkman/candidates/gradle/3.0/lib/plugins/ivy-2.2.0.jar
7fc3aa51f000-7fc3aa523000 r-xp 00000000 08:01 2364516                    /home/oscar/.gradle/native/19/linux-amd64/libnative-platform.so
7fc3aa523000-7fc3aa722000 ---p 00004000 08:01 2364516                    /home/oscar/.gradle/native/19/linux-amd64/libnative-platform.so
7fc3aa722000-7fc3aa723000 rw-p 00003000 08:01 2364516                    /home/oscar/.gradle/native/19/linux-amd64/libnative-platform.so
7fc3aa723000-7fc3aa734000 r-xp 00000000 08:01 2360329                    /usr/lib/jvm/java-8-oracle/jre/lib/amd64/libnio.so
7fc3aa734000-7fc3aa933000 ---p 00011000 08:01 2360329                    /usr/lib/jvm/java-8-oracle/jre/lib/amd64/libnio.so
7fc3aa933000-7fc3aa934000 rw-p 00010000 08:01 2360329                    /usr/lib/jvm/java-8-oracle/jre/lib/amd64/libnio.so
7fc3aa934000-7fc3aa94a000 r-xp 00000000 08:01 2360386                    /usr/lib/jvm/java-8-oracle/jre/lib/amd64/libnet.so
7fc3aa94a000-7fc3aab4a000 ---p 00016000 08:01 2360386                    /usr/lib/jvm/java-8-oracle/jre/lib/amd64/libnet.so
7fc3aab4a000-7fc3aab4b000 rw-p 00016000 08:01 2360386                    /usr/lib/jvm/java-8-oracle/jre/lib/amd64/libnet.so
7fc3aab4b000-7fc3aab4d000 r--s 00002000 08:01 1706473                    /home/oscar/.sdkman/candidates/gradle/3.0/lib/gradle-open-api-3.0.jar
7fc3aab4d000-7fc3aab53000 r--s 00032000 08:01 1706475                    /home/oscar/.sdkman/candidates/gradle/3.0/lib/jaxen-1.1.jar
7fc3aab53000-7fc3aab58000 r--s 00048000 08:01 1706474                    /home/oscar/.sdkman/candidates/gradle/3.0/lib/dom4j-1.6.1.jar
7fc3aab58000-7fc3aab63000 r--s 00059000 08:01 1706450                    /home/oscar/.sdkman/candidates/gradle/3.0/lib/gradle-ui-3.0.jar
7fc3aab63000-7fc3aab65000 r--s 00005000 08:01 1706444                    /home/oscar/.sdkman/candidates/gradle/3.0/lib/gradle-wrapper-3.0.jar
7fc3aab65000-7fc3aab73000 r--s 0004f000 08:01 1706451                    /home/oscar/.sdkman/candidates/gradle/3.0/lib/gradle-tooling-api-3.0.jar
7fc3aab73000-7fc3aab7b000 r--s 00087000 08:01 1706440                    /home/oscar/.sdkman/candidates/gradle/3.0/lib/kotlin-stdlib-1.1-M01.jar
7fc3aab7b000-7fc3aab81000 r--s 00027000 08:01 1706442                    /home/oscar/.sdkman/candidates/gradle/3.0/lib/kotlin-runtime-1.1-M01.jar
7fc3aab81000-7fc3aabb2000 r--s 00232000 08:01 1706441                    /home/oscar/.sdkman/candidates/gradle/3.0/lib/kotlin-reflect-1.1-M01.jar
7fc3aabb2000-7fc3aad3b000 r--s 014cf000 08:01 1706438                    /home/oscar/.sdkman/candidates/gradle/3.0/lib/kotlin-compiler-embeddable-1.1-M01.jar
7fc3aad3b000-7fc3aad3e000 r--s 0001a000 08:01 1706439                    /home/oscar/.sdkman/candidates/gradle/3.0/lib/gradle-script-kotlin-0.3.0.jar
7fc3aad3e000-7fc3aad41000 r--s 0000b000 08:01 1706471                    /home/oscar/.sdkman/candidates/gradle/3.0/lib/gradle-resources-3.0.jar
7fc3aad41000-7fc3aad43000 r--s 00003000 08:01 1706483                    /home/oscar/.sdkman/candidates/gradle/3.0/lib/jcl-over-slf4j-1.7.10.jar
7fc3aad43000-7fc3aad44000 r--s 00005000 08:01 1706482                    /home/oscar/.sdkman/candidates/gradle/3.0/lib/log4j-over-slf4j-1.7.10.jar
7fc3aad44000-7fc3aad46000 r--s 00000000 08:01 1706481                    /home/oscar/.sdkman/candidates/gradle/3.0/lib/jul-to-slf4j-1.7.10.jar
7fc3aad46000-7fc3aad4b000 r--s 0001b000 08:01 1706470                    /home/oscar/.sdkman/candidates/gradle/3.0/lib/gradle-logging-3.0.jar
7fc3aad4b000-7fc3aad4d000 r--s 00007000 08:01 1706494                    /home/oscar/.sdkman/candidates/gradle/3.0/lib/objenesis-1.2.jar
7fc3aad4d000-7fc3aad4f000 r--s 00000000 08:01 1706493                    /home/oscar/.sdkman/candidates/gradle/3.0/lib/minlog-1.2.jar
7fc3aad4f000-7fc3aad51000 r--s 0000f000 08:01 1706492                    /home/oscar/.sdkman/candidates/gradle/3.0/lib/reflectasm-1.07-shaded.jar
7fc3aad51000-7fc3aad55000 r--s 00026000 08:01 1706480                    /home/oscar/.sdkman/candidates/gradle/3.0/lib/kryo-2.20.jar
7fc3aad55000-7fc3aad5b000 r--s 00024000 08:01 1706469                    /home/oscar/.sdkman/candidates/gradle/3.0/lib/gradle-messaging-3.0.jar
7fc3aad5b000-7fc3aad5c000 r--s 00003000 08:01 1706491                    /home/oscar/.sdkman/candidates/gradle/3.0/lib/native-platform-freebsd-amd64-0.10.jar
7fc3aad5c000-7fc3aad5d000 r--s 00003000 08:01 1706490                    /home/oscar/.sdkman/candidates/gradle/3.0/lib/native-platform-freebsd-i386-0.10.jar
7fc3aad5d000-7fc3aad5e000 r--s 00005000 08:01 1706489                    /home/oscar/.sdkman/candidates/gradle/3.0/lib/native-platform-windows-i386-0.10.jar
7fc3aad5e000-7fc3aad5f000 r--s 00005000 08:01 1706488                    /home/oscar/.sdkman/candidates/gradle/3.0/lib/native-platform-windows-amd64-0.10.jar
7fc3aad5f000-7fc3aad60000 r--s 00003000 08:01 1706487                    /home/oscar/.sdkman/candidates/gradle/3.0/lib/native-platform-linux-i386-0.10.jar
7fc3aad60000-7fc3aad61000 r--s 00003000 08:01 1706486                    /home/oscar/.sdkman/candidates/gradle/3.0/lib/native-platform-linux-amd64-0.10.jar
7fc3aad61000-7fc3aad62000 r--s 00002000 08:01 1706485                    /home/oscar/.sdkman/candidates/gradle/3.0/lib/native-platform-osx-amd64-0.10.jar
7fc3aad62000-7fc3aad64000 r--s 00008000 08:01 1706478                    /home/oscar/.sdkman/candidates/gradle/3.0/lib/jansi-1.2.1.jar
7fc3aad64000-7fc3aad67000 r--s 0000d000 08:01 1706477                    /home/oscar/.sdkman/candidates/gradle/3.0/lib/native-platform-0.10.jar
7fc3aad67000-7fc3aad6b000 r--s 000e4000 08:01 1706476                    /home/oscar/.sdkman/candidates/gradle/3.0/lib/jna-3.2.7.jar
7fc3aad6b000-7fc3aad79000 r--s 0007f000 08:01 1706460                    /home/oscar/.sdkman/candidates/gradle/3.0/lib/gradle-model-core-3.0.jar
7fc3aad79000-7fc3aade9000 r--s 00641000 08:01 1706459                    /home/oscar/.sdkman/candidates/gradle/3.0/lib/groovy-all-2.4.7.jar
7fc3aade9000-7fc3aae11000 r--s 001cf000 08:01 1706456                    /home/oscar/.sdkman/candidates/gradle/3.0/lib/guava-jdk5-17.0.jar
7fc3aae11000-7fc3aae12000 ---p 00000000 00:00 0 
7fc3aae12000-7fc3aaf12000 rw-p 00000000 00:00 0                          [stack:4148]
7fc3aaf12000-7fc3aaf15000 ---p 00000000 00:00 0 
7fc3aaf15000-7fc3ab013000 rw-p 00000000 00:00 0                          [stack:4147]
7fc3ab013000-7fc3ab016000 ---p 00000000 00:00 0 
7fc3ab016000-7fc3ab114000 rw-p 00000000 00:00 0                          [stack:4146]
7fc3ab114000-7fc3ab117000 ---p 00000000 00:00 0 
7fc3ab117000-7fc3ab215000 rw-p 00000000 00:00 0                          [stack:4145]
7fc3ab215000-7fc3ab218000 ---p 00000000 00:00 0 
7fc3ab218000-7fc3ab316000 rw-p 00000000 00:00 0                          [stack:4144]
7fc3ab316000-7fc3ab9fa000 r--p 00000000 08:01 138719                     /usr/lib/locale/locale-archive
7fc3ab9fa000-7fc3ab9fd000 ---p 00000000 00:00 0 
7fc3ab9fd000-7fc3abafb000 rw-p 00000000 00:00 0                          [stack:4143]
7fc3abafb000-7fc3abafe000 ---p 00000000 00:00 0 
7fc3abafe000-7fc3abbfc000 rw-p 00000000 00:00 0                          [stack:4142]
7fc3abbfc000-7fc3abbfd000 ---p 00000000 00:00 0 
7fc3abbfd000-7fc3ac000000 rw-p 00000000 00:00 0                          [stack:4141]
7fc3ac000000-7fc3ac021000 rw-p 00000000 00:00 0 
7fc3ac021000-7fc3b0000000 ---p 00000000 00:00 0 
7fc3b0000000-7fc3b0001000 r--s 00002000 08:01 1706484                    /home/oscar/.sdkman/candidates/gradle/3.0/lib/native-platform-osx-i386-0.10.jar
7fc3b0001000-7fc3b0003000 r--s 00009000 08:01 1706452                    /home/oscar/.sdkman/candidates/gradle/3.0/lib/gradle-native-3.0.jar
7fc3b0003000-7fc3b0005000 r--s 00005000 08:01 1706449                    /home/oscar/.sdkman/candidates/gradle/3.0/lib/gradle-cli-3.0.jar
7fc3b0005000-7fc3b0007000 r--s 00007000 08:01 1706461                    /home/oscar/.sdkman/candidates/gradle/3.0/lib/gradle-model-groovy-3.0.jar
7fc3b0007000-7fc3b0009000 r--s 00006000 08:01 1706468                    /home/oscar/.sdkman/candidates/gradle/3.0/lib/gradle-base-services-groovy-3.0.jar
7fc3b0009000-7fc3b000a000 r--s 00002000 08:01 1706472                    /home/oscar/.sdkman/candidates/gradle/3.0/lib/gradle-docs-3.0.jar
7fc3b000a000-7fc3b000b000 r--s 00000000 08:01 1706467                    /home/oscar/.sdkman/candidates/gradle/3.0/lib/javax.inject-1.jar
7fc3b000b000-7fc3b000f000 r--s 00027000 08:01 1706465                    /home/oscar/.sdkman/candidates/gradle/3.0/lib/commons-io-2.2.jar
7fc3b000f000-7fc3b001c000 r--s 00083000 08:01 1706464                    /home/oscar/.sdkman/candidates/gradle/3.0/lib/commons-collections-3.2.2.jar
7fc3b001c000-7fc3b0021000 r--s 00038000 08:01 1706462                    /home/oscar/.sdkman/candidates/gradle/3.0/lib/asm-all-5.1.jar
7fc3b0021000-7fc3b0627000 rw-p 00000000 00:00 0 
7fc3b0627000-7fc3b0800000 r--s 03d29000 08:01 2099458                    /usr/lib/jvm/java-8-oracle/jre/lib/rt.jar
7fc3b0800000-7fc3b1000000 rw-p 00000000 00:00 0 
7fc3b1000000-7fc3b1500000 rwxp 00000000 00:00 0 
7fc3b1500000-7fc3c0000000 ---p 00000000 00:00 0 
7fc3c0000000-7fc3c0c92000 rw-p 00000000 00:00 0 
7fc3c0c92000-7fc3c4000000 ---p 00000000 00:00 0 
7fc3c4000000-7fc3c4001000 r--s 00000000 08:01 1706466                    /home/oscar/.sdkman/candidates/gradle/3.0/lib/jcip-annotations-1.0.jar
7fc3c4001000-7fc3c4002000 r--s 00001000 08:01 1706458                    /home/oscar/.sdkman/candidates/gradle/3.0/lib/gradle-process-services-3.0.jar
7fc3c4002000-7fc3c4021000 r--s 001d1000 08:01 1706463                    /home/oscar/.sdkman/candidates/gradle/3.0/lib/ant-1.9.6.jar
7fc3c4021000-7fc3c402a000 r--s 0003f000 08:01 1706446                    /home/oscar/.sdkman/candidates/gradle/3.0/lib/gradle-base-services-3.0.jar
7fc3c402a000-7fc3c4061000 r--s 001cd000 08:01 1706448                    /home/oscar/.sdkman/candidates/gradle/3.0/lib/gradle-core-3.0.jar
7fc3c4061000-7fc3c406d000 r--s 00058000 08:01 1706443                    /home/oscar/.sdkman/candidates/gradle/3.0/lib/gradle-launcher-3.0.jar
7fc3c406d000-7fc3c6346000 rw-p 00000000 00:00 0 
7fc3c6346000-7fc3c6347000 ---p 00000000 00:00 0 
7fc3c6347000-7fc3c6447000 rw-p 00000000 00:00 0                          [stack:4138]
7fc3c6447000-7fc3c6448000 ---p 00000000 00:00 0 
7fc3c6448000-7fc3c6553000 rw-p 00000000 00:00 0                          [stack:4136]
7fc3c6553000-7fc3c669e000 ---p 00000000 00:00 0 
7fc3c669e000-7fc3c66a9000 rw-p 00000000 00:00 0 
7fc3c66a9000-7fc3c67f3000 ---p 00000000 00:00 0 
7fc3c67f3000-7fc3c6809000 rw-p 00000000 00:00 0 
7fc3c6809000-7fc3c689e000 ---p 00000000 00:00 0 
7fc3c689e000-7fc3c68b3000 rw-p 00000000 00:00 0 
7fc3c68b3000-7fc3c6c5f000 ---p 00000000 00:00 0 
7fc3c6c5f000-7fc3c6c79000 r-xp 00000000 08:01 2360349                    /usr/lib/jvm/java-8-oracle/jre/lib/amd64/libzip.so
7fc3c6c79000-7fc3c6e79000 ---p 0001a000 08:01 2360349                    /usr/lib/jvm/java-8-oracle/jre/lib/amd64/libzip.so
7fc3c6e79000-7fc3c6e7a000 rw-p 0001a000 08:01 2360349                    /usr/lib/jvm/java-8-oracle/jre/lib/amd64/libzip.so
7fc3c6e7a000-7fc3c6e86000 r-xp 00000000 08:01 823964                     /lib/x86_64-linux-gnu/libnss_files-2.15.so
7fc3c6e86000-7fc3c7085000 ---p 0000c000 08:01 823964                     /lib/x86_64-linux-gnu/libnss_files-2.15.so
7fc3c7085000-7fc3c7086000 r--p 0000b000 08:01 823964                     /lib/x86_64-linux-gnu/libnss_files-2.15.so
7fc3c7086000-7fc3c7087000 rw-p 0000c000 08:01 823964                     /lib/x86_64-linux-gnu/libnss_files-2.15.so
7fc3c7087000-7fc3c7091000 r-xp 00000000 08:01 810118                     /lib/x86_64-linux-gnu/libnss_nis-2.15.so
7fc3c7091000-7fc3c7291000 ---p 0000a000 08:01 810118                     /lib/x86_64-linux-gnu/libnss_nis-2.15.so
7fc3c7291000-7fc3c7292000 r--p 0000a000 08:01 810118                     /lib/x86_64-linux-gnu/libnss_nis-2.15.so
7fc3c7292000-7fc3c7293000 rw-p 0000b000 08:01 810118                     /lib/x86_64-linux-gnu/libnss_nis-2.15.so
7fc3c7293000-7fc3c72aa000 r-xp 00000000 08:01 823958                     /lib/x86_64-linux-gnu/libnsl-2.15.so
7fc3c72aa000-7fc3c74a9000 ---p 00017000 08:01 823958                     /lib/x86_64-linux-gnu/libnsl-2.15.so
7fc3c74a9000-7fc3c74aa000 r--p 00016000 08:01 823958                     /lib/x86_64-linux-gnu/libnsl-2.15.so
7fc3c74aa000-7fc3c74ab000 rw-p 00017000 08:01 823958                     /lib/x86_64-linux-gnu/libnsl-2.15.so
7fc3c74ab000-7fc3c74ad000 rw-p 00000000 00:00 0 
7fc3c74ad000-7fc3c74b5000 r-xp 00000000 08:01 823963                     /lib/x86_64-linux-gnu/libnss_compat-2.15.so
7fc3c74b5000-7fc3c76b4000 ---p 00008000 08:01 823963                     /lib/x86_64-linux-gnu/libnss_compat-2.15.so
7fc3c76b4000-7fc3c76b5000 r--p 00007000 08:01 823963                     /lib/x86_64-linux-gnu/libnss_compat-2.15.so
7fc3c76b5000-7fc3c76b6000 rw-p 00008000 08:01 823963                     /lib/x86_64-linux-gnu/libnss_compat-2.15.so
7fc3c76b6000-7fc3c76e0000 r-xp 00000000 08:01 2360327                    /usr/lib/jvm/java-8-oracle/jre/lib/amd64/libjava.so
7fc3c76e0000-7fc3c78e0000 ---p 0002a000 08:01 2360327                    /usr/lib/jvm/java-8-oracle/jre/lib/amd64/libjava.so
7fc3c78e0000-7fc3c78e2000 rw-p 0002a000 08:01 2360327                    /usr/lib/jvm/java-8-oracle/jre/lib/amd64/libjava.so
7fc3c78e2000-7fc3c78ef000 r-xp 00000000 08:01 2360334                    /usr/lib/jvm/java-8-oracle/jre/lib/amd64/libverify.so
7fc3c78ef000-7fc3c7aef000 ---p 0000d000 08:01 2360334                    /usr/lib/jvm/java-8-oracle/jre/lib/amd64/libverify.so
7fc3c7aef000-7fc3c7af1000 rw-p 0000d000 08:01 2360334                    /usr/lib/jvm/java-8-oracle/jre/lib/amd64/libverify.so
7fc3c7af1000-7fc3c7af8000 r-xp 00000000 08:01 810353                     /lib/x86_64-linux-gnu/librt-2.15.so
7fc3c7af8000-7fc3c7cf7000 ---p 00007000 08:01 810353                     /lib/x86_64-linux-gnu/librt-2.15.so
7fc3c7cf7000-7fc3c7cf8000 r--p 00006000 08:01 810353                     /lib/x86_64-linux-gnu/librt-2.15.so
7fc3c7cf8000-7fc3c7cf9000 rw-p 00007000 08:01 810353                     /lib/x86_64-linux-gnu/librt-2.15.so
7fc3c7cf9000-7fc3c7df4000 r-xp 00000000 08:01 823965                     /lib/x86_64-linux-gnu/libm-2.15.so
7fc3c7df4000-7fc3c7ff3000 ---p 000fb000 08:01 823965                     /lib/x86_64-linux-gnu/libm-2.15.so
7fc3c7ff3000-7fc3c7ff4000 r--p 000fa000 08:01 823965                     /lib/x86_64-linux-gnu/libm-2.15.so
7fc3c7ff4000-7fc3c7ff5000 rw-p 000fb000 08:01 823965                     /lib/x86_64-linux-gnu/libm-2.15.so
7fc3c7ff5000-7fc3c8cc0000 r-xp 00000000 08:01 2360341                    /usr/lib/jvm/java-8-oracle/jre/lib/amd64/server/libjvm.so
7fc3c8cc0000-7fc3c8ebf000 ---p 00ccb000 08:01 2360341                    /usr/lib/jvm/java-8-oracle/jre/lib/amd64/server/libjvm.so
7fc3c8ebf000-7fc3c8f98000 rw-p 00cca000 08:01 2360341                    /usr/lib/jvm/java-8-oracle/jre/lib/amd64/server/libjvm.so
7fc3c8f98000-7fc3c8fe3000 rw-p 00000000 00:00 0 
7fc3c8fe3000-7fc3c9197000 r-xp 00000000 08:01 823955                     /lib/x86_64-linux-gnu/libc-2.15.so
7fc3c9197000-7fc3c9396000 ---p 001b4000 08:01 823955                     /lib/x86_64-linux-gnu/libc-2.15.so
7fc3c9396000-7fc3c939a000 r--p 001b3000 08:01 823955                     /lib/x86_64-linux-gnu/libc-2.15.so
7fc3c939a000-7fc3c939c000 rw-p 001b7000 08:01 823955                     /lib/x86_64-linux-gnu/libc-2.15.so
7fc3c939c000-7fc3c93a1000 rw-p 00000000 00:00 0 
7fc3c93a1000-7fc3c93a3000 r-xp 00000000 08:01 810101                     /lib/x86_64-linux-gnu/libdl-2.15.so
7fc3c93a3000-7fc3c95a3000 ---p 00002000 08:01 810101                     /lib/x86_64-linux-gnu/libdl-2.15.so
7fc3c95a3000-7fc3c95a4000 r--p 00002000 08:01 810101                     /lib/x86_64-linux-gnu/libdl-2.15.so
7fc3c95a4000-7fc3c95a5000 rw-p 00003000 08:01 810101                     /lib/x86_64-linux-gnu/libdl-2.15.so
7fc3c95a5000-7fc3c95ba000 r-xp 00000000 08:01 2099466                    /usr/lib/jvm/java-8-oracle/lib/amd64/jli/libjli.so
7fc3c95ba000-7fc3c97ba000 ---p 00015000 08:01 2099466                    /usr/lib/jvm/java-8-oracle/lib/amd64/jli/libjli.so
7fc3c97ba000-7fc3c97bb000 rw-p 00015000 08:01 2099466                    /usr/lib/jvm/java-8-oracle/lib/amd64/jli/libjli.so
7fc3c97bb000-7fc3c97d3000 r-xp 00000000 08:01 823959                     /lib/x86_64-linux-gnu/libpthread-2.15.so
7fc3c97d3000-7fc3c99d2000 ---p 00018000 08:01 823959                     /lib/x86_64-linux-gnu/libpthread-2.15.so
7fc3c99d2000-7fc3c99d3000 r--p 00017000 08:01 823959                     /lib/x86_64-linux-gnu/libpthread-2.15.so
7fc3c99d3000-7fc3c99d4000 rw-p 00018000 08:01 823959                     /lib/x86_64-linux-gnu/libpthread-2.15.so
7fc3c99d4000-7fc3c99d8000 rw-p 00000000 00:00 0 
7fc3c99d8000-7fc3c99fa000 r-xp 00000000 08:01 823962                     /lib/x86_64-linux-gnu/ld-2.15.so
7fc3c99fa000-7fc3c99fc000 r--s 00000000 08:01 1706447                    /home/oscar/.sdkman/candidates/gradle/3.0/lib/gradle-jvm-services-3.0.jar
7fc3c99fc000-7fc3c9ae2000 rw-p 00000000 00:00 0 
7fc3c9ae2000-7fc3c9ae5000 ---p 00000000 00:00 0 
7fc3c9ae5000-7fc3c9be7000 rw-p 00000000 00:00 0                          [stack:4135]
7fc3c9be7000-7fc3c9bec000 r--s 00041000 08:01 1706457                    /home/oscar/.sdkman/candidates/gradle/3.0/lib/commons-lang-2.6.jar
7fc3c9bec000-7fc3c9bed000 r--s 00007000 08:01 1706455                    /home/oscar/.sdkman/candidates/gradle/3.0/lib/slf4j-api-1.7.10.jar
7fc3c9bed000-7fc3c9bee000 r--s 00004000 08:01 1706479                    /home/oscar/.sdkman/candidates/gradle/3.0/lib/ant-launcher-1.9.6.jar
7fc3c9bee000-7fc3c9bf6000 rw-s 00000000 08:01 2569                       /tmp/hsperfdata_oscar/4134
7fc3c9bf6000-7fc3c9bf7000 rw-p 00000000 00:00 0 
7fc3c9bf7000-7fc3c9bf8000 ---p 00000000 00:00 0 
7fc3c9bf8000-7fc3c9bfa000 rw-p 00000000 00:00 0 
7fc3c9bfa000-7fc3c9bfb000 r--p 00022000 08:01 823962                     /lib/x86_64-linux-gnu/ld-2.15.so
7fc3c9bfb000-7fc3c9bfd000 rw-p 00023000 08:01 823962                     /lib/x86_64-linux-gnu/ld-2.15.so
7ffe3ba51000-7ffe3ba72000 rw-p 00000000 00:00 0                          [stack]
7ffe3ba77000-7ffe3ba78000 r-xp 00000000 00:00 0                          [vdso]
7ffe3ba78000-7ffe3ba7a000 r--p 00000000 00:00 0                          [vvar]
ffffffffff600000-ffffffffff601000 r-xp 00000000 00:00 0                  [vsyscall]

VM Arguments:
jvm_args: -XX:MaxPermSize=256m -XX:+HeapDumpOnOutOfMemoryError -Xmx1024m -Dfile.encoding=UTF-8 -Duser.country=US -Duser.language=en -Duser.variant 
java_command: org.gradle.launcher.daemon.bootstrap.GradleDaemon 3.0
java_class_path (initial): /home/oscar/.sdkman/candidates/gradle/3.0/lib/gradle-launcher-3.0.jar
Launcher Type: SUN_STANDARD

Environment Variables:
JAVA_HOME=/usr/lib/jvm/java-8-oracle
PATH=/home/oscar/.sdkman/candidates/gradle/current/bin:/home/oscar/.rbenv/plugins/ruby-build/bin:/home/oscar/.rbenv/shims:/home/oscar/.rbenv/bin:/usr/lib/lightdm/lightdm:/usr/local/sbin:/usr/local/bin:/usr/sbin:/usr/bin:/sbin:/bin:/usr/games:/usr/lib/jvm/java-8-oracle/bin:/usr/lib/jvm/java-8-oracle/db/bin:/usr/lib/jvm/java-8-oracle/jre/bin
SHELL=/bin/bash
DISPLAY=:0

Signal Handlers:
SIGSEGV: [libjvm.so+0xac4790], sa_mask[0]=11111111011111111101111111111110, sa_flags=SA_RESTART|SA_SIGINFO
SIGBUS: [libjvm.so+0xac4790], sa_mask[0]=11111111011111111101111111111110, sa_flags=SA_RESTART|SA_SIGINFO
SIGFPE: [libjvm.so+0x91f140], sa_mask[0]=11111111011111111101111111111110, sa_flags=SA_RESTART|SA_SIGINFO
SIGPIPE: [libjvm.so+0x91f140], sa_mask[0]=11111111011111111101111111111110, sa_flags=SA_RESTART|SA_SIGINFO
SIGXFSZ: [libjvm.so+0x91f140], sa_mask[0]=11111111011111111101111111111110, sa_flags=SA_RESTART|SA_SIGINFO
SIGILL: [libjvm.so+0x91f140], sa_mask[0]=11111111011111111101111111111110, sa_flags=SA_RESTART|SA_SIGINFO
SIGUSR1: SIG_DFL, sa_mask[0]=00000000000000000000000000000000, sa_flags=none
SIGUSR2: [libjvm.so+0x920770], sa_mask[0]=00100000000000000000000000000000, sa_flags=SA_RESTART|SA_SIGINFO
SIGHUP: [libjvm.so+0x921b70], sa_mask[0]=11111111011111111101111111111110, sa_flags=SA_RESTART|SA_SIGINFO
SIGINT: [libjvm.so+0x921b70], sa_mask[0]=11111111011111111101111111111110, sa_flags=SA_RESTART|SA_SIGINFO
SIGTERM: [libjvm.so+0x921b70], sa_mask[0]=11111111011111111101111111111110, sa_flags=SA_RESTART|SA_SIGINFO
SIGQUIT: [libjvm.so+0x921b70], sa_mask[0]=11111111011111111101111111111110, sa_flags=SA_RESTART|SA_SIGINFO


---------------  S Y S T E M  ---------------

OS:DISTRIB_ID=Ubuntu
DISTRIB_RELEASE=12.04
DISTRIB_CODENAME=precise
DISTRIB_DESCRIPTION="Ubuntu 12.04.5 LTS"

uname:Linux 3.16.35taskreaderadded #1 SMP Mon Jun 27 21:08:16 CLT 2016 x86_64
libc:glibc 2.15 NPTL 2.15 
rlimit: STACK 8192k, CORE 0k, NPROC 7931, NOFILE 4096, AS infinity
load average:3.25 1.43 0.82

/proc/meminfo:
MemTotal:        2049560 kB
MemFree:           65408 kB
MemAvailable:      30472 kB
Buffers:             276 kB
Cached:            51060 kB
SwapCached:            0 kB
Active:          1833620 kB
Inactive:          43312 kB
Active(anon):    1826496 kB
Inactive(anon):    27756 kB
Active(file):       7124 kB
Inactive(file):    15556 kB
Unevictable:           0 kB
Mlocked:               0 kB
SwapTotal:             0 kB
SwapFree:              0 kB
Dirty:               208 kB
Writeback:             0 kB
AnonPages:       1825804 kB
Mapped:            44164 kB
Shmem:             28448 kB
Slab:              42404 kB
SReclaimable:      20072 kB
SUnreclaim:        22332 kB
KernelStack:        9376 kB
PageTables:        31360 kB
NFS_Unstable:          0 kB
Bounce:                0 kB
WritebackTmp:          0 kB
CommitLimit:     1024780 kB
Committed_AS:    4890192 kB
VmallocTotal:   34359738367 kB
VmallocUsed:       28368 kB
VmallocChunk:   34359700984 kB
HardwareCorrupted:     0 kB
AnonHugePages:    991232 kB
HugePages_Total:       0
HugePages_Free:        0
HugePages_Rsvd:        0
HugePages_Surp:        0
Hugepagesize:       2048 kB
DirectMap4k:       55232 kB
DirectMap2M:     2041856 kB


CPU:total 2 (2 cores per cpu, 1 threads per core) family 6 model 42 stepping 7, cmov, cx8, fxsr, mmx, sse, sse2, sse3, ssse3, tsc

/proc/cpuinfo:
processor	: 0
vendor_id	: GenuineIntel
cpu family	: 6
model		: 42
model name	: Intel(R) Core(TM) i5-2450M CPU @ 2.50GHz
stepping	: 7
cpu MHz		: 2396.818
cache size	: 6144 KB
physical id	: 0
siblings	: 2
core id		: 0
cpu cores	: 2
apicid		: 0
initial apicid	: 0
fpu		: yes
fpu_exception	: yes
cpuid level	: 5
wp		: yes
flags		: fpu vme de pse tsc msr pae mce cx8 apic sep mtrr pge mca cmov pat pse36 clflush mmx fxsr sse sse2 ht syscall nx rdtscp lm constant_tsc rep_good nopl pni ssse3 lahf_lm
bogomips	: 4793.63
clflush size	: 64
cache_alignment	: 64
address sizes	: 36 bits physical, 48 bits virtual
power management:

processor	: 1
vendor_id	: GenuineIntel
cpu family	: 6
model		: 42
model name	: Intel(R) Core(TM) i5-2450M CPU @ 2.50GHz
stepping	: 7
cpu MHz		: 2396.818
cache size	: 6144 KB
physical id	: 0
siblings	: 2
core id		: 1
cpu cores	: 2
apicid		: 1
initial apicid	: 1
fpu		: yes
fpu_exception	: yes
cpuid level	: 5
wp		: yes
flags		: fpu vme de pse tsc msr pae mce cx8 apic sep mtrr pge mca cmov pat pse36 clflush mmx fxsr sse sse2 ht syscall nx rdtscp lm constant_tsc rep_good nopl pni ssse3 lahf_lm
bogomips	: 4793.63
clflush size	: 64
cache_alignment	: 64
address sizes	: 36 bits physical, 48 bits virtual
power management:



Memory: 4k page, physical 2049560k(65284k free), swap 0k(0k free)

vm_info: Java HotSpot(TM) 64-Bit Server VM (25.101-b13) for linux-amd64 JRE (1.8.0_101-b13), built on Jun 22 2016 02:59:44 by "java_re" with gcc 4.3.0 20080428 (Red Hat 4.3.0-8)

time: Sun Nov  6 18:26:09 2016
elapsed time: 25 seconds (0d 0h 0m 25s)

