#
# There is insufficient memory for the Java Runtime Environment to continue.
# Native memory allocation (mmap) failed to map 48234496 bytes for committing reserved memory.
# Possible reasons:
#   The system is out of physical RAM or swap space
#   In 32 bit mode, the process size limit was hit
# Possible solutions:
#   Reduce memory load on the system
#   Increase physical memory or swap space
#   Check if swap backing store is full
#   Use 64 bit Java on a 64 bit OS
#   Decrease Java heap size (-Xmx/-Xms)
#   Decrease number of Java threads
#   Decrease Java thread stack sizes (-Xss)
#   Set larger code cache with -XX:ReservedCodeCacheSize=
# This output file may be truncated or incomplete.
#
#  Out of Memory Error (os_linux.cpp:2627), pid=4082, tid=0x00007fc715783700
#
# JRE version: Java(TM) SE Runtime Environment (8.0_101-b13) (build 1.8.0_101-b13)
# Java VM: Java HotSpot(TM) 64-Bit Server VM (25.101-b13 mixed mode linux-amd64 compressed oops)
# Failed to write core dump. Core dumps have been disabled. To enable core dumping, try "ulimit -c unlimited" before starting Java again
#

---------------  T H R E A D  ---------------

Current thread (0x00007fc728073800):  VMThread [stack: 0x00007fc715683000,0x00007fc715784000] [id=4089]

Stack: [0x00007fc715683000,0x00007fc715784000],  sp=0x00007fc7157822b0,  free space=1020k
Native frames: (J=compiled Java code, j=interpreted, Vv=VM code, C=native code)
V  [libjvm.so+0xac3f0a]  VMError::report_and_die()+0x2ba
V  [libjvm.so+0x4fbf9b]  report_vm_out_of_memory(char const*, int, unsigned long, VMErrorType, char const*)+0x8b
V  [libjvm.so+0x9222d3]  os::Linux::commit_memory_impl(char*, unsigned long, bool)+0x103
V  [libjvm.so+0x922829]  os::pd_commit_memory(char*, unsigned long, unsigned long, bool)+0x29
V  [libjvm.so+0x91cb2a]  os::commit_memory(char*, unsigned long, unsigned long, bool)+0x2a
V  [libjvm.so+0x991053]  PSVirtualSpace::expand_by(unsigned long)+0x53
V  [libjvm.so+0x992458]  PSYoungGen::resize_generation(unsigned long, unsigned long)+0xf8
V  [libjvm.so+0x9915b2]  PSYoungGen::resize(unsigned long, unsigned long)+0x22
V  [libjvm.so+0x98e88b]  PSScavenge::invoke_no_policy()+0xf3b
V  [libjvm.so+0x98f011]  PSScavenge::invoke()+0x41
V  [libjvm.so+0x945fc0]  ParallelScavengeHeap::failed_mem_allocate(unsigned long)+0x70
V  [libjvm.so+0xac5927]  VM_ParallelGCFailedAllocation::doit()+0x97
V  [libjvm.so+0xacd405]  VM_Operation::evaluate()+0x55
V  [libjvm.so+0xacb7da]  VMThread::evaluate_operation(VM_Operation*)+0xba
V  [libjvm.so+0xacbb5e]  VMThread::loop()+0x1ce
V  [libjvm.so+0xacbfd0]  VMThread::run()+0x70
V  [libjvm.so+0x924698]  java_start(Thread*)+0x108

VM_Operation (0x00007fc6eec4d4c0): ParallelGCFailedAllocation, mode: safepoint, requested by thread 0x00007fc6e0007800


---------------  P R O C E S S  ---------------

Java Threads: ( => current thread )
  0x00007fc6d4011800 JavaThread "Stdin handler" [_thread_blocked, id=4106, stack(0x00007fc6ee950000,0x00007fc6eea51000)]
  0x00007fc6d4010000 JavaThread "Asynchronous log dispatcher for org.gradle.launcher.daemon.server.DefaultDaemonConnection@686f6eed" [_thread_blocked, id=4105, stack(0x00007fc6eea51000,0x00007fc6eeb52000)]
  0x00007fc6e0007800 JavaThread "Daemon worker" [_thread_blocked, id=4102, stack(0x00007fc6eeb52000,0x00007fc6eec53000)]
  0x00007fc6e0004000 JavaThread "Cancel handler" [_thread_blocked, id=4101, stack(0x00007fc6eee53000,0x00007fc6eef54000)]
  0x00007fc6e0005800 JavaThread "Handler for socket connection from /0:0:0:0:0:0:0:1:48225 to /0:0:0:0:0:0:0:1:38869" [_thread_in_native, id=4100, stack(0x00007fc6eef54000,0x00007fc6ef055000)]
  0x00007fc6dc031800 JavaThread "Daemon" [_thread_blocked, id=4099, stack(0x00007fc6ef055000,0x00007fc6ef156000)]
  0x00007fc728c14800 JavaThread "Incoming local TCP Connector on port 48225" [_thread_in_native, id=4098, stack(0x00007fc6ef35d000,0x00007fc6ef45e000)]
  0x00007fc728bb8800 JavaThread "pool-1-thread-1" [_thread_blocked, id=4097, stack(0x00007fc6ef462000,0x00007fc6ef563000)]
  0x00007fc7280cd800 JavaThread "Service Thread" daemon [_thread_blocked, id=4095, stack(0x00007fc714999000,0x00007fc714a9a000)]
  0x00007fc7280b9000 JavaThread "C1 CompilerThread1" daemon [_thread_blocked, id=4094, stack(0x00007fc714a9a000,0x00007fc714b9b000)]
  0x00007fc7280b6000 JavaThread "C2 CompilerThread0" daemon [_thread_blocked, id=4093, stack(0x00007fc714b9b000,0x00007fc714c9c000)]
  0x00007fc7280b4800 JavaThread "Signal Dispatcher" daemon [_thread_blocked, id=4092, stack(0x00007fc714c9c000,0x00007fc714d9d000)]
  0x00007fc72807f800 JavaThread "Finalizer" daemon [_thread_blocked, id=4091, stack(0x00007fc715481000,0x00007fc715582000)]
  0x00007fc72807b000 JavaThread "Reference Handler" daemon [_thread_blocked, id=4090, stack(0x00007fc715582000,0x00007fc715683000)]
  0x00007fc72800a000 JavaThread "main" [_thread_blocked, id=4086, stack(0x00007fc72f4e1000,0x00007fc72f5e2000)]

Other Threads:
=>0x00007fc728073800 VMThread [stack: 0x00007fc715683000,0x00007fc715784000] [id=4089]
  0x00007fc7280d0800 WatcherThread [stack: 0x00007fc714898000,0x00007fc714999000] [id=4096]

VM state:at safepoint (normal execution)

VM Mutex/Monitor currently owned by a thread:  ([mutex/lock_event])
[0x00007fc7280061d0] Threads_lock - owner thread: 0x00007fc728073800
[0x00007fc7280066d0] Heap_lock - owner thread: 0x00007fc6e0007800

Heap:
 PSYoungGen      total 35840K, used 1024K [0x00000000eab00000, 0x00000000ecf00000, 0x0000000100000000)
  eden space 34816K, 0% used [0x00000000eab00000,0x00000000eab00000,0x00000000ecd00000)
  from space 1024K, 100% used [0x00000000ecd00000,0x00000000ece00000,0x00000000ece00000)
  to   space 1024K, 0% used [0x00000000ece00000,0x00000000ece00000,0x00000000ecf00000)
 ParOldGen       total 22016K, used 12500K [0x00000000c0000000, 0x00000000c1580000, 0x00000000eab00000)
  object space 22016K, 56% used [0x00000000c0000000,0x00000000c0c35398,0x00000000c1580000)
 Metaspace       used 18281K, capacity 18554K, committed 18816K, reserved 1064960K
  class space    used 2488K, capacity 2608K, committed 2688K, reserved 1048576K

Card table byte_map: [0x00007fc72c09d000,0x00007fc72c29e000] byte_map_base: 0x00007fc72ba9d000

Marking Bits: (ParMarkBitMap*) 0x00007fc72e9b5120
 Begin Bits: [0x00007fc716ca8000, 0x00007fc717ca8000)
 End Bits:   [0x00007fc717ca8000, 0x00007fc718ca8000)

Polling page: 0x00007fc72f5f6000

CodeCache: size=245760Kb used=4652Kb max_used=4652Kb free=241107Kb
 bounds [0x00007fc719000000, 0x00007fc719490000, 0x00007fc728000000]
 total_blobs=1835 nmethods=1452 adapters=298
 compilation: enabled

Compilation events (10 events):
Event: 10.038 Thread 0x00007fc7280b9000 nmethod 1447 0x00007fc71948a490 code [0x00007fc71948a640, 0x00007fc71948a9b8]
Event: 10.038 Thread 0x00007fc7280b9000 1448       3       sun.reflect.misc.ReflectUtil::isNonPublicProxyClass (51 bytes)
Event: 10.039 Thread 0x00007fc7280b9000 nmethod 1448 0x00007fc71948ab10 code [0x00007fc71948ad40, 0x00007fc71948b988]
Event: 10.039 Thread 0x00007fc7280b9000 1452       3       java.lang.Class$MethodArray::<init> (7 bytes)
Event: 10.039 Thread 0x00007fc7280b9000 nmethod 1452 0x00007fc71948bf10 code [0x00007fc71948c080, 0x00007fc71948c208]
Event: 10.039 Thread 0x00007fc7280b9000 1453  s    1       org.codehaus.groovy.reflection.stdclasses.ObjectCachedClass::getCachedSuperClass (2 bytes)
Event: 10.039 Thread 0x00007fc7280b9000 nmethod 1453 0x00007fc71948c290 code [0x00007fc71948c400, 0x00007fc71948c670]
Event: 10.040 Thread 0x00007fc7280b9000 1454       3       groovy.lang.MetaClassImpl::addMetaMethodToIndex (65 bytes)
Event: 10.040 Thread 0x00007fc7280b9000 nmethod 1454 0x00007fc71948c710 code [0x00007fc71948c8e0, 0x00007fc71948cdb8]
Event: 10.040 Thread 0x00007fc7280b9000 1459       3       org.codehaus.groovy.runtime.metaclass.MetaMethodIndex::isMatchingMethod (65 bytes)

GC Heap History (9 events):
Event: 0.862 GC heap before
{Heap before GC invocations=1 (full 0):
 PSYoungGen      total 9728K, used 8704K [0x00000000eab00000, 0x00000000eb580000, 0x0000000100000000)
  eden space 8704K, 100% used [0x00000000eab00000,0x00000000eb380000,0x00000000eb380000)
  from space 1024K, 0% used [0x00000000eb480000,0x00000000eb480000,0x00000000eb580000)
  to   space 1024K, 0% used [0x00000000eb380000,0x00000000eb380000,0x00000000eb480000)
 ParOldGen       total 22016K, used 0K [0x00000000c0000000, 0x00000000c1580000, 0x00000000eab00000)
  object space 22016K, 0% used [0x00000000c0000000,0x00000000c0000000,0x00000000c1580000)
 Metaspace       used 4495K, capacity 5368K, committed 5504K, reserved 1056768K
  class space    used 564K, capacity 600K, committed 640K, reserved 1048576K
Event: 0.871 GC heap after
Heap after GC invocations=1 (full 0):
 PSYoungGen      total 9728K, used 1008K [0x00000000eab00000, 0x00000000ebe00000, 0x0000000100000000)
  eden space 8704K, 0% used [0x00000000eab00000,0x00000000eab00000,0x00000000eb380000)
  from space 1024K, 98% used [0x00000000eb380000,0x00000000eb47c010,0x00000000eb480000)
  to   space 1024K, 0% used [0x00000000ebd00000,0x00000000ebd00000,0x00000000ebe00000)
 ParOldGen       total 22016K, used 658K [0x00000000c0000000, 0x00000000c1580000, 0x00000000eab00000)
  object space 22016K, 2% used [0x00000000c0000000,0x00000000c00a4910,0x00000000c1580000)
 Metaspace       used 4495K, capacity 5368K, committed 5504K, reserved 1056768K
  class space    used 564K, capacity 600K, committed 640K, reserved 1048576K
}
Event: 1.419 GC heap before
{Heap before GC invocations=2 (full 0):
 PSYoungGen      total 9728K, used 9712K [0x00000000eab00000, 0x00000000ebe00000, 0x0000000100000000)
  eden space 8704K, 100% used [0x00000000eab00000,0x00000000eb380000,0x00000000eb380000)
  from space 1024K, 98% used [0x00000000eb380000,0x00000000eb47c010,0x00000000eb480000)
  to   space 1024K, 0% used [0x00000000ebd00000,0x00000000ebd00000,0x00000000ebe00000)
 ParOldGen       total 22016K, used 658K [0x00000000c0000000, 0x00000000c1580000, 0x00000000eab00000)
  object space 22016K, 2% used [0x00000000c0000000,0x00000000c00a4910,0x00000000c1580000)
 Metaspace       used 5768K, capacity 6328K, committed 6528K, reserved 1056768K
  class space    used 747K, capacity 792K, committed 896K, reserved 1048576K
Event: 1.430 GC heap after
Heap after GC invocations=2 (full 0):
 PSYoungGen      total 18432K, used 1024K [0x00000000eab00000, 0x00000000ebe00000, 0x0000000100000000)
  eden space 17408K, 0% used [0x00000000eab00000,0x00000000eab00000,0x00000000ebc00000)
  from space 1024K, 100% used [0x00000000ebd00000,0x00000000ebe00000,0x00000000ebe00000)
  to   space 1024K, 0% used [0x00000000ebc00000,0x00000000ebc00000,0x00000000ebd00000)
 ParOldGen       total 22016K, used 1967K [0x00000000c0000000, 0x00000000c1580000, 0x00000000eab00000)
  object space 22016K, 8% used [0x00000000c0000000,0x00000000c01ebc88,0x00000000c1580000)
 Metaspace       used 5768K, capacity 6328K, committed 6528K, reserved 1056768K
  class space    used 747K, capacity 792K, committed 896K, reserved 1048576K
}
Event: 2.004 GC heap before
{Heap before GC invocations=3 (full 0):
 PSYoungGen      total 18432K, used 18432K [0x00000000eab00000, 0x00000000ebe00000, 0x0000000100000000)
  eden space 17408K, 100% used [0x00000000eab00000,0x00000000ebc00000,0x00000000ebc00000)
  from space 1024K, 100% used [0x00000000ebd00000,0x00000000ebe00000,0x00000000ebe00000)
  to   space 1024K, 0% used [0x00000000ebc00000,0x00000000ebc00000,0x00000000ebd00000)
 ParOldGen       total 22016K, used 1967K [0x00000000c0000000, 0x00000000c1580000, 0x00000000eab00000)
  object space 22016K, 8% used [0x00000000c0000000,0x00000000c01ebc88,0x00000000c1580000)
 Metaspace       used 6110K, capacity 6640K, committed 6784K, reserved 1056768K
  class space    used 809K, capacity 896K, committed 896K, reserved 1048576K
Event: 2.019 GC heap after
Heap after GC invocations=3 (full 0):
 PSYoungGen      total 18432K, used 1024K [0x00000000eab00000, 0x00000000ecf00000, 0x0000000100000000)
  eden space 17408K, 0% used [0x00000000eab00000,0x00000000eab00000,0x00000000ebc00000)
  from space 1024K, 100% used [0x00000000ebc00000,0x00000000ebd00000,0x00000000ebd00000)
  to   space 1024K, 0% used [0x00000000ece00000,0x00000000ece00000,0x00000000ecf00000)
 ParOldGen       total 22016K, used 3006K [0x00000000c0000000, 0x00000000c1580000, 0x00000000eab00000)
  object space 22016K, 13% used [0x00000000c0000000,0x00000000c02ef840,0x00000000c1580000)
 Metaspace       used 6110K, capacity 6640K, committed 6784K, reserved 1056768K
  class space    used 809K, capacity 896K, committed 896K, reserved 1048576K
}
Event: 4.472 GC heap before
{Heap before GC invocations=4 (full 0):
 PSYoungGen      total 18432K, used 18432K [0x00000000eab00000, 0x00000000ecf00000, 0x0000000100000000)
  eden space 17408K, 100% used [0x00000000eab00000,0x00000000ebc00000,0x00000000ebc00000)
  from space 1024K, 100% used [0x00000000ebc00000,0x00000000ebd00000,0x00000000ebd00000)
  to   space 1024K, 0% used [0x00000000ece00000,0x00000000ece00000,0x00000000ecf00000)
 ParOldGen       total 22016K, used 3006K [0x00000000c0000000, 0x00000000c1580000, 0x00000000eab00000)
  object space 22016K, 13% used [0x00000000c0000000,0x00000000c02ef840,0x00000000c1580000)
 Metaspace       used 12334K, capacity 12666K, committed 12800K, reserved 1060864K
  class space    used 1662K, capacity 1776K, committed 1792K, reserved 1048576K
Event: 4.487 GC heap after
Heap after GC invocations=4 (full 0):
 PSYoungGen      total 35840K, used 1008K [0x00000000eab00000, 0x00000000ecf00000, 0x0000000100000000)
  eden space 34816K, 0% used [0x00000000eab00000,0x00000000eab00000,0x00000000ecd00000)
  from space 1024K, 98% used [0x00000000ece00000,0x00000000ecefc010,0x00000000ecf00000)
  to   space 1024K, 0% used [0x00000000ecd00000,0x00000000ecd00000,0x00000000ece00000)
 ParOldGen       total 22016K, used 6340K [0x00000000c0000000, 0x00000000c1580000, 0x00000000eab00000)
  object space 22016K, 28% used [0x00000000c0000000,0x00000000c0631280,0x00000000c1580000)
 Metaspace       used 12334K, capacity 12666K, committed 12800K, reserved 1060864K
  class space    used 1662K, capacity 1776K, committed 1792K, reserved 1048576K
}
Event: 10.045 GC heap before
{Heap before GC invocations=5 (full 0):
 PSYoungGen      total 35840K, used 35824K [0x00000000eab00000, 0x00000000ecf00000, 0x0000000100000000)
  eden space 34816K, 100% used [0x00000000eab00000,0x00000000ecd00000,0x00000000ecd00000)
  from space 1024K, 98% used [0x00000000ece00000,0x00000000ecefc010,0x00000000ecf00000)
  to   space 1024K, 0% used [0x00000000ecd00000,0x00000000ecd00000,0x00000000ece00000)
 ParOldGen       total 22016K, used 6340K [0x00000000c0000000, 0x00000000c1580000, 0x00000000eab00000)
  object space 22016K, 28% used [0x00000000c0000000,0x00000000c0631280,0x00000000c1580000)
 Metaspace       used 18281K, capacity 18554K, committed 18816K, reserved 1064960K
  class space    used 2488K, capacity 2608K, committed 2688K, reserved 1048576K

Deoptimization events (10 events):
Event: 3.054 Thread 0x00007fc72800a000 Uncommon trap: reason=unstable_if action=reinterpret pc=0x00007fc719289400 method=java.lang.String.substring(I)Ljava/lang/String; @ 35
Event: 4.081 Thread 0x00007fc72800a000 Uncommon trap: reason=bimorphic action=maybe_recompile pc=0x00007fc71925a700 method=java.util.HashMap.putVal(ILjava/lang/Object;Ljava/lang/Object;ZZ)Ljava/lang/Object; @ 91
Event: 4.118 Thread 0x00007fc72800a000 Uncommon trap: reason=bimorphic action=maybe_recompile pc=0x00007fc71925a700 method=java.util.HashMap.putVal(ILjava/lang/Object;Ljava/lang/Object;ZZ)Ljava/lang/Object; @ 91
Event: 4.147 Thread 0x00007fc6e0007800 Uncommon trap: reason=bimorphic action=maybe_recompile pc=0x00007fc71925a700 method=java.util.HashMap.putVal(ILjava/lang/Object;Ljava/lang/Object;ZZ)Ljava/lang/Object; @ 91
Event: 4.277 Thread 0x00007fc72800a000 Uncommon trap: reason=unstable_if action=reinterpret pc=0x00007fc71926a818 method=sun.misc.MetaIndex.mayContain(Ljava/lang/String;)Z @ 38
Event: 4.879 Thread 0x00007fc6e0007800 Uncommon trap: reason=unstable_if action=reinterpret pc=0x00007fc719280628 method=java.util.HashMap.getNode(ILjava/lang/Object;)Ljava/util/HashMap$Node; @ 129
Event: 4.879 Thread 0x00007fc6e0007800 Uncommon trap: reason=unstable_if action=reinterpret pc=0x00007fc71921e21c method=java.util.HashMap.getNode(ILjava/lang/Object;)Ljava/util/HashMap$Node; @ 129
Event: 6.700 Thread 0x00007fc6e0007800 Uncommon trap: reason=class_check action=maybe_recompile pc=0x00007fc7192344c0 method=java.util.regex.Matcher.match(II)Z @ 86
Event: 6.700 Thread 0x00007fc6e0007800 Uncommon trap: reason=class_check action=maybe_recompile pc=0x00007fc7192344c0 method=java.util.regex.Matcher.match(II)Z @ 86
Event: 7.165 Thread 0x00007fc6e0007800 Uncommon trap: reason=unstable_if action=reinterpret pc=0x00007fc71924e874 method=java.io.UnixFileSystem.resolve(Ljava/lang/String;Ljava/lang/String;)Ljava/lang/String; @ 57

Internal exceptions (10 events):
Event: 4.318 Thread 0x00007fc6e0007800 Exception <a 'java/lang/ArrayIndexOutOfBoundsException'> (0x00000000ebb26338) thrown at [/HUDSON3/workspace/8-2-build-linux-amd64/jdk8u101/7261/hotspot/src/share/vm/runtime/sharedRuntime.cpp, line 605]
Event: 4.468 Thread 0x00007fc6e0007800 Exception <a 'java/lang/ArrayIndexOutOfBoundsException'> (0x00000000ebbe8648) thrown at [/HUDSON3/workspace/8-2-build-linux-amd64/jdk8u101/7261/hotspot/src/share/vm/runtime/sharedRuntime.cpp, line 605]
Event: 4.514 Thread 0x00007fc6e0007800 Exception <a 'java/lang/ArrayIndexOutOfBoundsException'> (0x00000000eab124d0) thrown at [/HUDSON3/workspace/8-2-build-linux-amd64/jdk8u101/7261/hotspot/src/share/vm/runtime/sharedRuntime.cpp, line 605]
Event: 4.514 Thread 0x00007fc6e0007800 Exception <a 'java/lang/ArrayIndexOutOfBoundsException'> (0x00000000eab145e0) thrown at [/HUDSON3/workspace/8-2-build-linux-amd64/jdk8u101/7261/hotspot/src/share/vm/runtime/sharedRuntime.cpp, line 605]
Event: 9.986 Thread 0x00007fc6e0007800 Exception <a 'java/lang/ClassNotFoundException': groovy/lang/ExpandoMetaClassBeanInfo> (0x00000000ecc2a888) thrown at [/HUDSON3/workspace/8-2-build-linux-amd64/jdk8u101/7261/hotspot/src/share/vm/classfile/systemDictionary.cpp, line 210]
Event: 9.987 Thread 0x00007fc6e0007800 Exception <a 'java/lang/ClassNotFoundException': groovy/lang/MetaClassImplBeanInfo> (0x00000000ecc36060) thrown at [/HUDSON3/workspace/8-2-build-linux-amd64/jdk8u101/7261/hotspot/src/share/vm/classfile/systemDictionary.cpp, line 210]
Event: 9.987 Thread 0x00007fc6e0007800 Exception <a 'java/lang/ClassNotFoundException': java/lang/ObjectBeanInfo> (0x00000000ecc3b498) thrown at [/HUDSON3/workspace/8-2-build-linux-amd64/jdk8u101/7261/hotspot/src/share/vm/classfile/systemDictionary.cpp, line 210]
Event: 9.988 Thread 0x00007fc6e0007800 Exception <a 'java/lang/ClassNotFoundException': java/lang/ObjectCustomizer> (0x00000000ecc40a18) thrown at [/HUDSON3/workspace/8-2-build-linux-amd64/jdk8u101/7261/hotspot/src/share/vm/classfile/systemDictionary.cpp, line 210]
Event: 10.023 Thread 0x00007fc6e0007800 Exception <a 'java/lang/ClassNotFoundException': groovy/lang/MetaClassImplCustomizer> (0x00000000ecc53f18) thrown at [/HUDSON3/workspace/8-2-build-linux-amd64/jdk8u101/7261/hotspot/src/share/vm/classfile/systemDictionary.cpp, line 210]
Event: 10.028 Thread 0x00007fc6e0007800 Exception <a 'java/lang/ClassNotFoundException': groovy/lang/ExpandoMetaClassCustomizer> (0x00000000ecc87bf8) thrown at [/HUDSON3/workspace/8-2-build-linux-amd64/jdk8u101/7261/hotspot/src/share/vm/classfile/systemDictionary.cpp, line 210]

Events (10 events):
Event: 10.034 loading class org/codehaus/groovy/runtime/GroovyCategorySupport done
Event: 10.035 loading class org/codehaus/groovy/runtime/GroovyCategorySupport$MyThreadLocal
Event: 10.035 loading class org/codehaus/groovy/runtime/GroovyCategorySupport$MyThreadLocal done
Event: 10.037 loading class org/codehaus/groovy/runtime/metaclass/MetaClassRegistryImpl$1
Event: 10.037 loading class org/codehaus/groovy/runtime/metaclass/MetaClassRegistryImpl$1 done
Event: 10.038 loading class groovy/runtime/metaclass/org/gradle/api/internal/plugins/DefaultExtraPropertiesExtensionMetaClass
Event: 10.038 loading class groovy/runtime/metaclass/org/gradle/api/internal/plugins/DefaultExtraPropertiesExtensionMetaClass done
Event: 10.040 loading class org/gradle/api/internal/plugins/DefaultExtraPropertiesExtensionBeanInfo
Event: 10.040 loading class org/gradle/api/internal/plugins/DefaultExtraPropertiesExtensionBeanInfo done
Event: 10.041 Executing VM operation: ParallelGCFailedAllocation


Dynamic libraries:
00400000-00401000 r-xp 00000000 08:01 2360100                            /usr/lib/jvm/java-8-oracle/bin/java
00600000-00601000 rw-p 00000000 08:01 2360100                            /usr/lib/jvm/java-8-oracle/bin/java
00da8000-00dc9000 rw-p 00000000 00:00 0                                  [heap]
c0000000-c1580000 rw-p 00000000 00:00 0 
c1580000-eab00000 ---p 00000000 00:00 0 
eab00000-ecf00000 rw-p 00000000 00:00 0 
efd00000-100000000 ---p 00000000 00:00 0 
100000000-1002a0000 rw-p 00000000 00:00 0 
1002a0000-140000000 ---p 00000000 00:00 0 
7fc6d4000000-7fc6d4374000 rw-p 00000000 00:00 0 
7fc6d4374000-7fc6d8000000 ---p 00000000 00:00 0 
7fc6dc000000-7fc6dc066000 rw-p 00000000 00:00 0 
7fc6dc066000-7fc6e0000000 ---p 00000000 00:00 0 
7fc6e0000000-7fc6e0021000 rw-p 00000000 00:00 0 
7fc6e0021000-7fc6e4000000 ---p 00000000 00:00 0 
7fc6e4000000-7fc6e4021000 rw-p 00000000 00:00 0 
7fc6e4021000-7fc6e8000000 ---p 00000000 00:00 0 
7fc6e8000000-7fc6e8021000 rw-p 00000000 00:00 0 
7fc6e8021000-7fc6ec000000 ---p 00000000 00:00 0 
7fc6ee4d6000-7fc6ee697000 rw-p 00000000 00:00 0 
7fc6ee697000-7fc6ee6d7000 ---p 00000000 00:00 0 
7fc6ee6d7000-7fc6ee8d7000 rw-p 00000000 00:00 0 
7fc6ee8d7000-7fc6ee950000 r--s 010e5000 08:01 1838376                    /usr/lib/jvm/java-8-oracle/lib/tools.jar
7fc6ee950000-7fc6ee953000 ---p 00000000 00:00 0 
7fc6ee953000-7fc6eea51000 rw-p 00000000 00:00 0                          [stack:4106]
7fc6eea51000-7fc6eea54000 ---p 00000000 00:00 0 
7fc6eea54000-7fc6eeb52000 rw-p 00000000 00:00 0                          [stack:4105]
7fc6eeb52000-7fc6eeb55000 ---p 00000000 00:00 0 
7fc6eeb55000-7fc6eee53000 rw-p 00000000 00:00 0                          [stack:4102]
7fc6eee53000-7fc6eee56000 ---p 00000000 00:00 0 
7fc6eee56000-7fc6eef54000 rw-p 00000000 00:00 0                          [stack:4101]
7fc6eef54000-7fc6eef57000 ---p 00000000 00:00 0 
7fc6eef57000-7fc6ef055000 rw-p 00000000 00:00 0                          [stack:4100]
7fc6ef055000-7fc6ef058000 ---p 00000000 00:00 0 
7fc6ef058000-7fc6ef156000 rw-p 00000000 00:00 0                          [stack:4099]
7fc6ef156000-7fc6ef15d000 r--s 00000000 08:01 427189                     /usr/lib/x86_64-linux-gnu/gconv/gconv-modules.cache
7fc6ef15d000-7fc6ef35d000 rw-p 00000000 00:00 0 
7fc6ef35d000-7fc6ef360000 ---p 00000000 00:00 0 
7fc6ef360000-7fc6ef45e000 rw-p 00000000 00:00 0                          [stack:4098]
7fc6ef45e000-7fc6ef462000 r--s 00097000 08:01 2099387                    /usr/lib/jvm/java-8-oracle/jre/lib/jsse.jar
7fc6ef462000-7fc6ef465000 ---p 00000000 00:00 0 
7fc6ef465000-7fc6ef563000 rw-p 00000000 00:00 0                          [stack:4097]
7fc6ef563000-7fc6ef56c000 r-xp 00000000 08:01 2360342                    /usr/lib/jvm/java-8-oracle/jre/lib/amd64/libmanagement.so
7fc6ef56c000-7fc6ef76b000 ---p 00009000 08:01 2360342                    /usr/lib/jvm/java-8-oracle/jre/lib/amd64/libmanagement.so
7fc6ef76b000-7fc6ef76c000 rw-p 00008000 08:01 2360342                    /usr/lib/jvm/java-8-oracle/jre/lib/amd64/libmanagement.so
7fc6ef76c000-7fc6ef76e000 r--s 00007000 08:01 1706534                    /home/oscar/.sdkman/candidates/gradle/3.0/lib/plugins/gradle-tooling-api-builders-3.0.jar
7fc6ef76e000-7fc6ef771000 r--s 00008000 08:01 1706527                    /home/oscar/.sdkman/candidates/gradle/3.0/lib/plugins/gradle-testing-native-3.0.jar
7fc6ef771000-7fc6ef773000 r--s 00009000 08:01 1706605                    /home/oscar/.sdkman/candidates/gradle/3.0/lib/plugins/hamcrest-core-1.3.jar
7fc6ef773000-7fc6ef779000 r--s 00033000 08:01 1706599                    /home/oscar/.sdkman/candidates/gradle/3.0/lib/plugins/snakeyaml-1.6.jar
7fc6ef779000-7fc6ef77b000 r--s 00006000 08:01 1706598                    /home/oscar/.sdkman/candidates/gradle/3.0/lib/plugins/jcommander-1.12.jar
7fc6ef77b000-7fc6ef780000 r--s 00040000 08:01 1706597                    /home/oscar/.sdkman/candidates/gradle/3.0/lib/plugins/bsh-2.0b4.jar
7fc6ef780000-7fc6ef789000 r--s 00089000 08:01 1706556                    /home/oscar/.sdkman/candidates/gradle/3.0/lib/plugins/testng-6.3.1.jar
7fc6ef789000-7fc6ef791000 r--s 00045000 08:01 1706555                    /home/oscar/.sdkman/candidates/gradle/3.0/lib/plugins/junit-4.12.jar
7fc6ef791000-7fc6ef797000 r--s 0002e000 08:01 1706528                    /home/oscar/.sdkman/candidates/gradle/3.0/lib/plugins/gradle-testing-jvm-3.0.jar
7fc6ef797000-7fc6ef79b000 r--s 00016000 08:01 1706526                    /home/oscar/.sdkman/candidates/gradle/3.0/lib/plugins/gradle-testing-base-3.0.jar
7fc6ef79b000-7fc6ef7a2000 r--s 00038000 08:01 1706550                    /home/oscar/.sdkman/candidates/gradle/3.0/lib/plugins/bcpg-jdk15on-1.51.jar
7fc6ef7a2000-7fc6ef7a4000 r--s 0000c000 08:01 1706505                    /home/oscar/.sdkman/candidates/gradle/3.0/lib/plugins/gradle-signing-3.0.jar
7fc6ef7a4000-7fc6ef7a6000 r--s 00007000 08:01 1706504                    /home/oscar/.sdkman/candidates/gradle/3.0/lib/plugins/gradle-scala-3.0.jar
7fc6ef7a6000-7fc6ef7a7000 r--s 00004000 08:01 1706532                    /home/oscar/.sdkman/candidates/gradle/3.0/lib/plugins/gradle-resources-sftp-3.0.jar
7fc6ef7a7000-7fc6ef7b7000 r--s 00088000 08:01 1706566                    /home/oscar/.sdkman/candidates/gradle/3.0/lib/plugins/joda-time-2.8.2.jar
7fc6ef7b7000-7fc6ef7c8000 r--s 0010d000 08:01 1706565                    /home/oscar/.sdkman/candidates/gradle/3.0/lib/plugins/jackson-databind-2.6.6.jar
7fc6ef7c8000-7fc6ef7cb000 r--s 00009000 08:01 1706564                    /home/oscar/.sdkman/candidates/gradle/3.0/lib/plugins/jackson-annotations-2.6.6.jar
7fc6ef7cb000-7fc6ef7cf000 r--s 0003c000 08:01 1706563                    /home/oscar/.sdkman/candidates/gradle/3.0/lib/plugins/jackson-core-2.6.6.jar
7fc6ef7cf000-7fc6ef7dd000 r--s 00087000 08:01 1706562                    /home/oscar/.sdkman/candidates/gradle/3.0/lib/plugins/aws-java-sdk-core-1.11.6.jar
7fc6ef7dd000-7fc6ef7e4000 r--s 00057000 08:01 1706561                    /home/oscar/.sdkman/candidates/gradle/3.0/lib/plugins/aws-java-sdk-kms-1.11.6.jar
7fc6ef7e4000-7fc6ef7f1000 r--s 0008e000 08:01 1706560                    /home/oscar/.sdkman/candidates/gradle/3.0/lib/plugins/aws-java-sdk-s3-1.11.6.jar
7fc6ef7f1000-7fc6ef7f2000 r--s 00004000 08:01 1706533                    /home/oscar/.sdkman/candidates/gradle/3.0/lib/plugins/gradle-resources-s3-3.0.jar
7fc6ef7f2000-7fc6ef7f4000 r--s 00005000 08:01 1706554                    /home/oscar/.sdkman/candidates/gradle/3.0/lib/plugins/jatl-0.2.2.jar
7fc6ef7f4000-7fc6ef7f6000 r--s 0000f000 08:01 1706510                    /home/oscar/.sdkman/candidates/gradle/3.0/lib/plugins/gradle-reporting-3.0.jar
7fc6ef7f6000-7fc6ef7f8000 r--s 00002000 08:01 1706511                    /home/oscar/.sdkman/candidates/gradle/3.0/lib/plugins/gradle-publish-3.0.jar
7fc6ef7f8000-7fc6ef7fa000 r--s 00009000 08:01 1706537                    /home/oscar/.sdkman/candidates/gradle/3.0/lib/plugins/commons-cli-1.2.jar
7fc6ef7fa000-7fc6ef7ff000 r--s 00031000 08:01 1706496                    /home/oscar/.sdkman/candidates/gradle/3.0/lib/plugins/gradle-plugins-3.0.jar
7fc6ef7ff000-7fc6ef801000 r--s 00009000 08:01 1706529                    /home/oscar/.sdkman/candidates/gradle/3.0/lib/plugins/gradle-plugin-development-3.0.jar
7fc6ef801000-7fc6ef807000 r--s 0002b000 08:01 1706522                    /home/oscar/.sdkman/candidates/gradle/3.0/lib/plugins/gradle-platform-play-3.0.jar
7fc6ef807000-7fc6ef814000 r--s 0004e000 08:01 1706521                    /home/oscar/.sdkman/candidates/gradle/3.0/lib/plugins/gradle-platform-native-3.0.jar
7fc6ef814000-7fc6ef818000 r--s 0001b000 08:01 1706516                    /home/oscar/.sdkman/candidates/gradle/3.0/lib/plugins/gradle-platform-jvm-3.0.jar
7fc6ef818000-7fc6ef81f000 r--s 00029000 08:01 1706515                    /home/oscar/.sdkman/candidates/gradle/3.0/lib/plugins/gradle-platform-base-3.0.jar
7fc6ef81f000-7fc6ef847000 r--s 0021c000 08:01 1706545                    /home/oscar/.sdkman/candidates/gradle/3.0/lib/plugins/biz.aQute.bndlib-3.2.0.jar
7fc6ef847000-7fc6ef849000 r--s 00003000 08:01 1706500                    /home/oscar/.sdkman/candidates/gradle/3.0/lib/plugins/gradle-osgi-3.0.jar
7fc6ef849000-7fc6ef84c000 r--s 0000c000 08:01 1706548                    /home/oscar/.sdkman/candidates/gradle/3.0/lib/plugins/pmaven-groovy-0.8-20100325.jar
7fc6ef84c000-7fc6ef84d000 r--s 00004000 08:01 1706547                    /home/oscar/.sdkman/candidates/gradle/3.0/lib/plugins/pmaven-common-0.8-20100325.jar
7fc6ef84d000-7fc6ef852000 r--s 00023000 08:01 1706501                    /home/oscar/.sdkman/candidates/gradle/3.0/lib/plugins/gradle-maven-3.0.jar
7fc6ef852000-7fc6ef855000 r--s 0000a000 08:01 1706520                    /home/oscar/.sdkman/candidates/gradle/3.0/lib/plugins/gradle-language-scala-3.0.jar
7fc6ef855000-7fc6ef85b000 r--s 0001b000 08:01 1706524                    /home/oscar/.sdkman/candidates/gradle/3.0/lib/plugins/gradle-language-native-3.0.jar
7fc6ef85b000-7fc6ef85d000 r--s 00008000 08:01 1706517                    /home/oscar/.sdkman/candidates/gradle/3.0/lib/plugins/gradle-language-jvm-3.0.jar
7fc6ef85d000-7fc6ef864000 r--s 00025000 08:01 1706518                    /home/oscar/.sdkman/candidates/gradle/3.0/lib/plugins/gradle-language-java-3.0.jar
7fc6ef864000-7fc6ef866000 r--s 0000a000 08:01 1706519                    /home/oscar/.sdkman/candidates/gradle/3.0/lib/plugins/gradle-language-groovy-3.0.jar
7fc6ef866000-7fc6ef869000 r--s 0001e000 08:01 1706572                    /home/oscar/.sdkman/candidates/gradle/3.0/lib/plugins/jsp-api-2.1-6.1.14.jar
7fc6ef869000-7fc6ef88c000 r--s 00344000 08:01 1706571                    /home/oscar/.sdkman/candidates/gradle/3.0/lib/plugins/core-3.1.1.jar
7fc6ef88c000-7fc6ef88d000 r--s 00006000 08:01 1706570                    /home/oscar/.sdkman/candidates/gradle/3.0/lib/plugins/jetty-naming-6.1.25.jar
7fc6ef88d000-7fc6ef88e000 r--s 00002000 08:01 1706544                    /home/oscar/.sdkman/candidates/gradle/3.0/lib/plugins/geronimo-annotation_1.0_spec-1.0.jar
7fc6ef88e000-7fc6ef890000 r--s 00002000 08:01 1706543                    /home/oscar/.sdkman/candidates/gradle/3.0/lib/plugins/jetty-annotations-6.1.25.jar
7fc6ef890000-7fc6ef8a1000 r--s 000ea000 08:01 1706542                    /home/oscar/.sdkman/candidates/gradle/3.0/lib/plugins/jsp-2.1-6.1.14.jar
7fc6ef8a1000-7fc6ef8a3000 r--s 0000d000 08:01 1706541                    /home/oscar/.sdkman/candidates/gradle/3.0/lib/plugins/jetty-plus-6.1.25.jar
7fc6ef8a3000-7fc6ef8a5000 r--s 0001f000 08:01 1706540                    /home/oscar/.sdkman/candidates/gradle/3.0/lib/plugins/servlet-api-2.5-20081211.jar
7fc6ef8a5000-7fc6ef8a9000 r--s 00028000 08:01 1706539                    /home/oscar/.sdkman/candidates/gradle/3.0/lib/plugins/jetty-util-6.1.25.jar
7fc6ef8a9000-7fc6ef8b0000 r--s 0007d000 08:01 1706538                    /home/oscar/.sdkman/candidates/gradle/3.0/lib/plugins/jetty-6.1.25.jar
7fc6ef8b0000-7fc6ef8b2000 r--s 0000a000 08:01 1706498                    /home/oscar/.sdkman/candidates/gradle/3.0/lib/plugins/gradle-jetty-3.0.jar
7fc6ef8b2000-7fc6ef8b9000 r--s 00035000 08:01 1706553                    /home/oscar/.sdkman/candidates/gradle/3.0/lib/plugins/simple-4.1.21.jar
7fc6ef8b9000-7fc6ef8c5000 r--s 00100000 08:01 1706551                    /home/oscar/.sdkman/candidates/gradle/3.0/lib/plugins/rhino-1.7R3.jar
7fc6ef8c5000-7fc6ef8c9000 r--s 00012000 08:01 1706507                    /home/oscar/.sdkman/candidates/gradle/3.0/lib/plugins/gradle-javascript-3.0.jar
7fc6ef8c9000-7fc6ef8cb000 r--s 0000c000 08:01 1706513                    /home/oscar/.sdkman/candidates/gradle/3.0/lib/plugins/gradle-jacoco-3.0.jar
7fc6ef8cb000-7fc6ef8ce000 r--s 0000e000 08:01 1706512                    /home/oscar/.sdkman/candidates/gradle/3.0/lib/plugins/gradle-ivy-3.0.jar
7fc6ef8ce000-7fc6ef8d1000 r--s 00013000 08:01 1706525                    /home/oscar/.sdkman/candidates/gradle/3.0/lib/plugins/gradle-ide-native-3.0.jar
7fc6ef8d1000-7fc6ef8db000 r--s 00054000 08:01 1706502                    /home/oscar/.sdkman/candidates/gradle/3.0/lib/plugins/gradle-ide-3.0.jar
7fc6ef8db000-7fc6ef8e1000 r--s 00033000 08:01 1706509                    /home/oscar/.sdkman/candidates/gradle/3.0/lib/plugins/gradle-diagnostics-3.0.jar
7fc6ef8e1000-7fc6ef8e6000 r--s 00022000 08:01 1706497                    /home/oscar/.sdkman/candidates/gradle/3.0/lib/plugins/gradle-code-quality-3.0.jar
7fc6ef8e6000-7fc6ef8fb000 r-xp 00000000 08:01 787715                     /lib/x86_64-linux-gnu/libgcc_s.so.1
7fc6ef8fb000-7fc6efafa000 ---p 00015000 08:01 787715                     /lib/x86_64-linux-gnu/libgcc_s.so.1
7fc6efafa000-7fc6efafb000 r--p 00014000 08:01 787715                     /lib/x86_64-linux-gnu/libgcc_s.so.1
7fc6efafb000-7fc6efafc000 rw-p 00015000 08:01 787715                     /lib/x86_64-linux-gnu/libgcc_s.so.1
7fc6efafc000-7fc6efbde000 r-xp 00000000 08:01 140417                     /usr/lib/x86_64-linux-gnu/libstdc++.so.6.0.16
7fc6efbde000-7fc6efddd000 ---p 000e2000 08:01 140417                     /usr/lib/x86_64-linux-gnu/libstdc++.so.6.0.16
7fc6efddd000-7fc6efde5000 r--p 000e1000 08:01 140417                     /usr/lib/x86_64-linux-gnu/libstdc++.so.6.0.16
7fc6efde5000-7fc6efde7000 rw-p 000e9000 08:01 140417                     /usr/lib/x86_64-linux-gnu/libstdc++.so.6.0.16
7fc6efde7000-7fc6efdfc000 rw-p 00000000 00:00 0 
7fc6efdfc000-7fc6efe00000 r-xp 00000000 08:01 2364516                    /home/oscar/.gradle/native/19/linux-amd64/libnative-platform.so
7fc6efe00000-7fc6effff000 ---p 00004000 08:01 2364516                    /home/oscar/.gradle/native/19/linux-amd64/libnative-platform.so
7fc6effff000-7fc6f0000000 rw-p 00003000 08:01 2364516                    /home/oscar/.gradle/native/19/linux-amd64/libnative-platform.so
7fc6f0000000-7fc6f0386000 rw-p 00000000 00:00 0 
7fc6f0386000-7fc6f4000000 ---p 00000000 00:00 0 
7fc6f4000000-7fc6f4021000 rw-p 00000000 00:00 0 
7fc6f4021000-7fc6f8000000 ---p 00000000 00:00 0 
7fc6f8000000-7fc6f96d5000 rw-p 00000000 00:00 0 
7fc6f96d5000-7fc6fc000000 ---p 00000000 00:00 0 
7fc6fc000000-7fc6fc021000 rw-p 00000000 00:00 0 
7fc6fc021000-7fc700000000 ---p 00000000 00:00 0 
7fc700000000-7fc700021000 rw-p 00000000 00:00 0 
7fc700021000-7fc704000000 ---p 00000000 00:00 0 
7fc704000000-7fc704021000 rw-p 00000000 00:00 0 
7fc704021000-7fc708000000 ---p 00000000 00:00 0 
7fc708000000-7fc708021000 rw-p 00000000 00:00 0 
7fc708021000-7fc70c000000 ---p 00000000 00:00 0 
7fc70c000000-7fc70c28f000 rw-p 00000000 00:00 0 
7fc70c28f000-7fc710000000 ---p 00000000 00:00 0 
7fc710000000-7fc710037000 rw-p 00000000 00:00 0 
7fc710037000-7fc714000000 ---p 00000000 00:00 0 
7fc714000000-7fc714001000 r--s 00002000 08:01 1706523                    /home/oscar/.sdkman/candidates/gradle/3.0/lib/plugins/gradle-ide-play-3.0.jar
7fc714001000-7fc714003000 r--s 00007000 08:01 1706506                    /home/oscar/.sdkman/candidates/gradle/3.0/lib/plugins/gradle-ear-3.0.jar
7fc714003000-7fc714008000 r--s 0001f000 08:01 1706514                    /home/oscar/.sdkman/candidates/gradle/3.0/lib/plugins/gradle-build-init-3.0.jar
7fc714008000-7fc71400e000 r--s 0008e000 08:01 1706508                    /home/oscar/.sdkman/candidates/gradle/3.0/lib/plugins/gradle-build-comparison-3.0.jar
7fc71400e000-7fc714010000 r--s 00008000 08:01 1706499                    /home/oscar/.sdkman/candidates/gradle/3.0/lib/plugins/gradle-antlr-3.0.jar
7fc714010000-7fc714012000 r--s 00004000 08:01 1706503                    /home/oscar/.sdkman/candidates/gradle/3.0/lib/plugins/gradle-announce-3.0.jar
7fc714012000-7fc71401a000 r--s 00028000 08:01 1706603                    /home/oscar/.sdkman/candidates/gradle/3.0/lib/plugins/xml-apis-1.3.04.jar
7fc71401a000-7fc714032000 r--s 00115000 08:01 1706602                    /home/oscar/.sdkman/candidates/gradle/3.0/lib/plugins/xercesImpl-2.9.1.jar
7fc714032000-7fc714038000 r--s 0005b000 08:01 1706601                    /home/oscar/.sdkman/candidates/gradle/3.0/lib/plugins/jcifs-1.3.17.jar
7fc714038000-7fc71403f000 r--s 00049000 08:01 1706600                    /home/oscar/.sdkman/candidates/gradle/3.0/lib/plugins/httpcore-4.4.4.jar
7fc71403f000-7fc714045000 r--s 00033000 08:01 1706549                    /home/oscar/.sdkman/candidates/gradle/3.0/lib/plugins/commons-codec-1.6.jar
7fc714045000-7fc714048000 r--s 0001c000 08:01 1706558                    /home/oscar/.sdkman/candidates/gradle/3.0/lib/plugins/nekohtml-1.9.14.jar
7fc714048000-7fc714055000 r--s 000a4000 08:01 1706557                    /home/oscar/.sdkman/candidates/gradle/3.0/lib/plugins/httpclient-4.4.1.jar
7fc714055000-7fc714058000 r--s 0000a000 08:01 1706531                    /home/oscar/.sdkman/candidates/gradle/3.0/lib/plugins/gradle-resources-http-3.0.jar
7fc714058000-7fc71405c000 r--s 00015000 08:01 1706530                    /home/oscar/.sdkman/candidates/gradle/3.0/lib/plugins/gradle-plugin-use-3.0.jar
7fc71405c000-7fc71405d000 r--s 00000000 08:01 1706445                    /home/oscar/.sdkman/candidates/gradle/3.0/lib/gradle-installation-beacon-3.0.jar
7fc71405d000-7fc71405e000 r--s 00007000 08:01 1706596                    /home/oscar/.sdkman/candidates/gradle/3.0/lib/plugins/wagon-http-shared4-2.4.jar
7fc71405e000-7fc714062000 r--s 00033000 08:01 1706595                    /home/oscar/.sdkman/candidates/gradle/3.0/lib/plugins/plexus-utils-2.0.6.jar
7fc714062000-7fc714066000 r--s 00021000 08:01 1706594                    /home/oscar/.sdkman/candidates/gradle/3.0/lib/plugins/maven-model-builder-3.0.4.jar
7fc714066000-7fc714067000 r--s 00002000 08:01 1706593                    /home/oscar/.sdkman/candidates/gradle/3.0/lib/plugins/wagon-file-2.4.jar
7fc714067000-7fc714069000 r--s 00002000 08:01 1706592                    /home/oscar/.sdkman/candidates/gradle/3.0/lib/plugins/plexus-cipher-1.7.jar
7fc714069000-7fc71406c000 r--s 00013000 08:01 1706591                    /home/oscar/.sdkman/candidates/gradle/3.0/lib/plugins/aether-api-1.13.1.jar
7fc71406c000-7fc71406e000 r--s 0000a000 08:01 1706590                    /home/oscar/.sdkman/candidates/gradle/3.0/lib/plugins/maven-settings-3.0.4.jar
7fc71406e000-7fc714070000 r--s 0000d000 08:01 1706589                    /home/oscar/.sdkman/candidates/gradle/3.0/lib/plugins/plexus-interpolation-1.14.jar
7fc714070000-7fc714072000 r--s 0000b000 08:01 1706588                    /home/oscar/.sdkman/candidates/gradle/3.0/lib/plugins/maven-artifact-3.0.4.jar
7fc714072000-7fc714079000 r--s 0002e000 08:01 1706587                    /home/oscar/.sdkman/candidates/gradle/3.0/lib/plugins/plexus-container-default-1.5.5.jar
7fc714079000-7fc71407b000 r--s 0000b000 08:01 1706586                    /home/oscar/.sdkman/candidates/gradle/3.0/lib/plugins/maven-plugin-api-3.0.4.jar
7fc71407b000-7fc71407d000 r--s 00000000 08:01 1706604                    /home/oscar/.sdkman/candidates/gradle/3.0/lib/plugins/plexus-component-annotations-1.5.5.jar
7fc71407d000-7fc714083000 r--s 0003f000 08:01 1706585                    /home/oscar/.sdkman/candidates/gradle/3.0/lib/plugins/maven-compat-3.0.4.jar
7fc714083000-7fc714086000 r--s 00008000 08:01 1706584                    /home/oscar/.sdkman/candidates/gradle/3.0/lib/plugins/maven-settings-builder-3.0.4.jar
7fc714086000-7fc714087000 r--s 00002000 08:01 1706583                    /home/oscar/.sdkman/candidates/gradle/3.0/lib/plugins/wagon-http-2.4.jar
7fc714087000-7fc714089000 r--s 00026000 08:01 1706582                    /home/oscar/.sdkman/candidates/gradle/3.0/lib/plugins/maven-model-3.0.4.jar
7fc714089000-7fc71408b000 r--s 00006000 08:01 1706581                    /home/oscar/.sdkman/candidates/gradle/3.0/lib/plugins/aether-connector-wagon-1.13.1.jar
7fc71408b000-7fc71408d000 r--s 0000a000 08:01 1706580                    /home/oscar/.sdkman/candidates/gradle/3.0/lib/plugins/plexus-classworlds-2.4.jar
7fc71408d000-7fc71408f000 r--s 00006000 08:01 1706579                    /home/oscar/.sdkman/candidates/gradle/3.0/lib/plugins/maven-repository-metadata-3.0.4.jar
7fc71408f000-7fc714091000 r--s 0000c000 08:01 1706578                    /home/oscar/.sdkman/candidates/gradle/3.0/lib/plugins/maven-aether-provider-3.0.4.jar
7fc714091000-7fc714093000 r--s 0000b000 08:01 1706577                    /home/oscar/.sdkman/candidates/gradle/3.0/lib/plugins/wagon-provider-api-2.4.jar
7fc714093000-7fc714094000 r--s 00003000 08:01 1706576                    /home/oscar/.sdkman/candidates/gradle/3.0/lib/plugins/aether-spi-1.13.1.jar
7fc714094000-7fc714098000 r--s 0001c000 08:01 1706575                    /home/oscar/.sdkman/candidates/gradle/3.0/lib/plugins/aether-util-1.13.1.jar
7fc714098000-7fc71409b000 r--s 0001d000 08:01 1706574                    /home/oscar/.sdkman/candidates/gradle/3.0/lib/plugins/aether-impl-1.13.1.jar
7fc71409b000-7fc71409c000 r--s 00006000 08:01 1706573                    /home/oscar/.sdkman/candidates/gradle/3.0/lib/plugins/plexus-sec-dispatcher-1.3.jar
7fc71409c000-7fc7140a1000 r--s 00040000 08:01 1706559                    /home/oscar/.sdkman/candidates/gradle/3.0/lib/plugins/jsch-0.1.53.jar
7fc7140a1000-7fc7140e1000 r--s 00277000 08:01 1706569                    /home/oscar/.sdkman/candidates/gradle/3.0/lib/plugins/bcprov-jdk15on-1.51.jar
7fc7140e1000-7fc7140e5000 r--s 0001d000 08:01 1706568                    /home/oscar/.sdkman/candidates/gradle/3.0/lib/plugins/xbean-reflect-3.4.jar
7fc7140e5000-7fc7140f1000 r--s 0007d000 08:01 1706546                    /home/oscar/.sdkman/candidates/gradle/3.0/lib/plugins/maven-core-3.0.4.jar
7fc7140f1000-7fc7140f6000 r--s 0002a000 08:01 1706552                    /home/oscar/.sdkman/candidates/gradle/3.0/lib/plugins/gson-2.2.4.jar
7fc7140f6000-7fc714105000 r--s 000d9000 08:01 1706567                    /home/oscar/.sdkman/candidates/gradle/3.0/lib/plugins/ivy-2.2.0.jar
7fc714105000-7fc714122000 r--s 000e0000 08:01 1706535                    /home/oscar/.sdkman/candidates/gradle/3.0/lib/plugins/gradle-dependency-management-3.0.jar
7fc714122000-7fc714133000 r-xp 00000000 08:01 2360329                    /usr/lib/jvm/java-8-oracle/jre/lib/amd64/libnio.so
7fc714133000-7fc714332000 ---p 00011000 08:01 2360329                    /usr/lib/jvm/java-8-oracle/jre/lib/amd64/libnio.so
7fc714332000-7fc714333000 rw-p 00010000 08:01 2360329                    /usr/lib/jvm/java-8-oracle/jre/lib/amd64/libnio.so
7fc714333000-7fc714349000 r-xp 00000000 08:01 2360386                    /usr/lib/jvm/java-8-oracle/jre/lib/amd64/libnet.so
7fc714349000-7fc714549000 ---p 00016000 08:01 2360386                    /usr/lib/jvm/java-8-oracle/jre/lib/amd64/libnet.so
7fc714549000-7fc71454a000 rw-p 00016000 08:01 2360386                    /usr/lib/jvm/java-8-oracle/jre/lib/amd64/libnet.so
7fc71454a000-7fc71454c000 r--s 00002000 08:01 1706473                    /home/oscar/.sdkman/candidates/gradle/3.0/lib/gradle-open-api-3.0.jar
7fc71454c000-7fc714552000 r--s 00032000 08:01 1706475                    /home/oscar/.sdkman/candidates/gradle/3.0/lib/jaxen-1.1.jar
7fc714552000-7fc714557000 r--s 00048000 08:01 1706474                    /home/oscar/.sdkman/candidates/gradle/3.0/lib/dom4j-1.6.1.jar
7fc714557000-7fc714562000 r--s 00059000 08:01 1706450                    /home/oscar/.sdkman/candidates/gradle/3.0/lib/gradle-ui-3.0.jar
7fc714562000-7fc714564000 r--s 00005000 08:01 1706444                    /home/oscar/.sdkman/candidates/gradle/3.0/lib/gradle-wrapper-3.0.jar
7fc714564000-7fc714572000 r--s 0004f000 08:01 1706451                    /home/oscar/.sdkman/candidates/gradle/3.0/lib/gradle-tooling-api-3.0.jar
7fc714572000-7fc71457a000 r--s 00087000 08:01 1706440                    /home/oscar/.sdkman/candidates/gradle/3.0/lib/kotlin-stdlib-1.1-M01.jar
7fc71457a000-7fc714580000 r--s 00027000 08:01 1706442                    /home/oscar/.sdkman/candidates/gradle/3.0/lib/kotlin-runtime-1.1-M01.jar
7fc714580000-7fc7145b1000 r--s 00232000 08:01 1706441                    /home/oscar/.sdkman/candidates/gradle/3.0/lib/kotlin-reflect-1.1-M01.jar
7fc7145b1000-7fc71473a000 r--s 014cf000 08:01 1706438                    /home/oscar/.sdkman/candidates/gradle/3.0/lib/kotlin-compiler-embeddable-1.1-M01.jar
7fc71473a000-7fc71473d000 r--s 0001a000 08:01 1706439                    /home/oscar/.sdkman/candidates/gradle/3.0/lib/gradle-script-kotlin-0.3.0.jar
7fc71473d000-7fc714740000 r--s 0000b000 08:01 1706471                    /home/oscar/.sdkman/candidates/gradle/3.0/lib/gradle-resources-3.0.jar
7fc714740000-7fc714742000 r--s 00003000 08:01 1706483                    /home/oscar/.sdkman/candidates/gradle/3.0/lib/jcl-over-slf4j-1.7.10.jar
7fc714742000-7fc714743000 r--s 00005000 08:01 1706482                    /home/oscar/.sdkman/candidates/gradle/3.0/lib/log4j-over-slf4j-1.7.10.jar
7fc714743000-7fc714745000 r--s 00000000 08:01 1706481                    /home/oscar/.sdkman/candidates/gradle/3.0/lib/jul-to-slf4j-1.7.10.jar
7fc714745000-7fc71474a000 r--s 0001b000 08:01 1706470                    /home/oscar/.sdkman/candidates/gradle/3.0/lib/gradle-logging-3.0.jar
7fc71474a000-7fc71474c000 r--s 00007000 08:01 1706494                    /home/oscar/.sdkman/candidates/gradle/3.0/lib/objenesis-1.2.jar
7fc71474c000-7fc71474e000 r--s 00000000 08:01 1706493                    /home/oscar/.sdkman/candidates/gradle/3.0/lib/minlog-1.2.jar
7fc71474e000-7fc714750000 r--s 0000f000 08:01 1706492                    /home/oscar/.sdkman/candidates/gradle/3.0/lib/reflectasm-1.07-shaded.jar
7fc714750000-7fc714754000 r--s 00026000 08:01 1706480                    /home/oscar/.sdkman/candidates/gradle/3.0/lib/kryo-2.20.jar
7fc714754000-7fc71475a000 r--s 00024000 08:01 1706469                    /home/oscar/.sdkman/candidates/gradle/3.0/lib/gradle-messaging-3.0.jar
7fc71475a000-7fc71475b000 r--s 00003000 08:01 1706491                    /home/oscar/.sdkman/candidates/gradle/3.0/lib/native-platform-freebsd-amd64-0.10.jar
7fc71475b000-7fc71475c000 r--s 00003000 08:01 1706490                    /home/oscar/.sdkman/candidates/gradle/3.0/lib/native-platform-freebsd-i386-0.10.jar
7fc71475c000-7fc71475d000 r--s 00005000 08:01 1706489                    /home/oscar/.sdkman/candidates/gradle/3.0/lib/native-platform-windows-i386-0.10.jar
7fc71475d000-7fc71475e000 r--s 00005000 08:01 1706488                    /home/oscar/.sdkman/candidates/gradle/3.0/lib/native-platform-windows-amd64-0.10.jar
7fc71475e000-7fc71475f000 r--s 00003000 08:01 1706487                    /home/oscar/.sdkman/candidates/gradle/3.0/lib/native-platform-linux-i386-0.10.jar
7fc71475f000-7fc714760000 r--s 00003000 08:01 1706486                    /home/oscar/.sdkman/candidates/gradle/3.0/lib/native-platform-linux-amd64-0.10.jar
7fc714760000-7fc714761000 r--s 00002000 08:01 1706485                    /home/oscar/.sdkman/candidates/gradle/3.0/lib/native-platform-osx-amd64-0.10.jar
7fc714761000-7fc714762000 r--s 00002000 08:01 1706484                    /home/oscar/.sdkman/candidates/gradle/3.0/lib/native-platform-osx-i386-0.10.jar
7fc714762000-7fc714764000 r--s 00008000 08:01 1706478                    /home/oscar/.sdkman/candidates/gradle/3.0/lib/jansi-1.2.1.jar
7fc714764000-7fc714767000 r--s 0000d000 08:01 1706477                    /home/oscar/.sdkman/candidates/gradle/3.0/lib/native-platform-0.10.jar
7fc714767000-7fc71476b000 r--s 000e4000 08:01 1706476                    /home/oscar/.sdkman/candidates/gradle/3.0/lib/jna-3.2.7.jar
7fc71476b000-7fc71476d000 r--s 00009000 08:01 1706452                    /home/oscar/.sdkman/candidates/gradle/3.0/lib/gradle-native-3.0.jar
7fc71476d000-7fc71476f000 r--s 00005000 08:01 1706449                    /home/oscar/.sdkman/candidates/gradle/3.0/lib/gradle-cli-3.0.jar
7fc71476f000-7fc714771000 r--s 00007000 08:01 1706461                    /home/oscar/.sdkman/candidates/gradle/3.0/lib/gradle-model-groovy-3.0.jar
7fc714771000-7fc714773000 r--s 00006000 08:01 1706468                    /home/oscar/.sdkman/candidates/gradle/3.0/lib/gradle-base-services-groovy-3.0.jar
7fc714773000-7fc714781000 r--s 0007f000 08:01 1706460                    /home/oscar/.sdkman/candidates/gradle/3.0/lib/gradle-model-core-3.0.jar
7fc714781000-7fc714782000 r--s 00002000 08:01 1706472                    /home/oscar/.sdkman/candidates/gradle/3.0/lib/gradle-docs-3.0.jar
7fc714782000-7fc714783000 r--s 00000000 08:01 1706467                    /home/oscar/.sdkman/candidates/gradle/3.0/lib/javax.inject-1.jar
7fc714783000-7fc714784000 r--s 00000000 08:01 1706466                    /home/oscar/.sdkman/candidates/gradle/3.0/lib/jcip-annotations-1.0.jar
7fc714784000-7fc714788000 r--s 00027000 08:01 1706465                    /home/oscar/.sdkman/candidates/gradle/3.0/lib/commons-io-2.2.jar
7fc714788000-7fc714795000 r--s 00083000 08:01 1706464                    /home/oscar/.sdkman/candidates/gradle/3.0/lib/commons-collections-3.2.2.jar
7fc714795000-7fc714805000 r--s 00641000 08:01 1706459                    /home/oscar/.sdkman/candidates/gradle/3.0/lib/groovy-all-2.4.7.jar
7fc714805000-7fc71482d000 r--s 001cf000 08:01 1706456                    /home/oscar/.sdkman/candidates/gradle/3.0/lib/guava-jdk5-17.0.jar
7fc71482d000-7fc71484c000 r--s 001d1000 08:01 1706463                    /home/oscar/.sdkman/candidates/gradle/3.0/lib/ant-1.9.6.jar
7fc71484c000-7fc714855000 r--s 0003f000 08:01 1706446                    /home/oscar/.sdkman/candidates/gradle/3.0/lib/gradle-base-services-3.0.jar
7fc714855000-7fc71488c000 r--s 001cd000 08:01 1706448                    /home/oscar/.sdkman/candidates/gradle/3.0/lib/gradle-core-3.0.jar
7fc71488c000-7fc714898000 r--s 00058000 08:01 1706443                    /home/oscar/.sdkman/candidates/gradle/3.0/lib/gradle-launcher-3.0.jar
7fc714898000-7fc714899000 ---p 00000000 00:00 0 
7fc714899000-7fc714999000 rw-p 00000000 00:00 0                          [stack:4096]
7fc714999000-7fc71499c000 ---p 00000000 00:00 0 
7fc71499c000-7fc714a9a000 rw-p 00000000 00:00 0                          [stack:4095]
7fc714a9a000-7fc714a9d000 ---p 00000000 00:00 0 
7fc714a9d000-7fc714b9b000 rw-p 00000000 00:00 0                          [stack:4094]
7fc714b9b000-7fc714b9e000 ---p 00000000 00:00 0 
7fc714b9e000-7fc714c9c000 rw-p 00000000 00:00 0                          [stack:4093]
7fc714c9c000-7fc714c9f000 ---p 00000000 00:00 0 
7fc714c9f000-7fc714d9d000 rw-p 00000000 00:00 0                          [stack:4092]
7fc714d9d000-7fc715481000 r--p 00000000 08:01 138719                     /usr/lib/locale/locale-archive
7fc715481000-7fc715484000 ---p 00000000 00:00 0 
7fc715484000-7fc715582000 rw-p 00000000 00:00 0                          [stack:4091]
7fc715582000-7fc715585000 ---p 00000000 00:00 0 
7fc715585000-7fc715683000 rw-p 00000000 00:00 0                          [stack:4090]
7fc715683000-7fc715684000 ---p 00000000 00:00 0 
7fc715684000-7fc7160cf000 rw-p 00000000 00:00 0                          [stack:4089]
7fc7160cf000-7fc7162a8000 r--s 03d29000 08:01 2099458                    /usr/lib/jvm/java-8-oracle/jre/lib/rt.jar
7fc7162a8000-7fc718ca8000 rw-p 00000000 00:00 0 
7fc718ca8000-7fc718ca9000 ---p 00000000 00:00 0 
7fc718ca9000-7fc718da9000 rw-p 00000000 00:00 0                          [stack:4088]
7fc718da9000-7fc718daa000 ---p 00000000 00:00 0 
7fc718daa000-7fc718eb5000 rw-p 00000000 00:00 0                          [stack:4087]
7fc718eb5000-7fc719000000 ---p 00000000 00:00 0 
7fc719000000-7fc719490000 rwxp 00000000 00:00 0 
7fc719490000-7fc728000000 ---p 00000000 00:00 0 
7fc728000000-7fc728c6f000 rw-p 00000000 00:00 0 
7fc728c6f000-7fc72c000000 ---p 00000000 00:00 0 
7fc72c000000-7fc72c005000 r--s 00038000 08:01 1706462                    /home/oscar/.sdkman/candidates/gradle/3.0/lib/asm-all-5.1.jar
7fc72c005000-7fc72c006000 r--s 00001000 08:01 1706458                    /home/oscar/.sdkman/candidates/gradle/3.0/lib/gradle-process-services-3.0.jar
7fc72c006000-7fc72c0a8000 rw-p 00000000 00:00 0 
7fc72c0a8000-7fc72c1f2000 ---p 00000000 00:00 0 
7fc72c1f2000-7fc72c205000 rw-p 00000000 00:00 0 
7fc72c205000-7fc72c29d000 ---p 00000000 00:00 0 
7fc72c29d000-7fc72c2b1000 rw-p 00000000 00:00 0 
7fc72c2b1000-7fc72c65e000 ---p 00000000 00:00 0 
7fc72c65e000-7fc72c678000 r-xp 00000000 08:01 2360349                    /usr/lib/jvm/java-8-oracle/jre/lib/amd64/libzip.so
7fc72c678000-7fc72c878000 ---p 0001a000 08:01 2360349                    /usr/lib/jvm/java-8-oracle/jre/lib/amd64/libzip.so
7fc72c878000-7fc72c879000 rw-p 0001a000 08:01 2360349                    /usr/lib/jvm/java-8-oracle/jre/lib/amd64/libzip.so
7fc72c879000-7fc72c885000 r-xp 00000000 08:01 823964                     /lib/x86_64-linux-gnu/libnss_files-2.15.so
7fc72c885000-7fc72ca84000 ---p 0000c000 08:01 823964                     /lib/x86_64-linux-gnu/libnss_files-2.15.so
7fc72ca84000-7fc72ca85000 r--p 0000b000 08:01 823964                     /lib/x86_64-linux-gnu/libnss_files-2.15.so
7fc72ca85000-7fc72ca86000 rw-p 0000c000 08:01 823964                     /lib/x86_64-linux-gnu/libnss_files-2.15.so
7fc72ca86000-7fc72ca90000 r-xp 00000000 08:01 810118                     /lib/x86_64-linux-gnu/libnss_nis-2.15.so
7fc72ca90000-7fc72cc90000 ---p 0000a000 08:01 810118                     /lib/x86_64-linux-gnu/libnss_nis-2.15.so
7fc72cc90000-7fc72cc91000 r--p 0000a000 08:01 810118                     /lib/x86_64-linux-gnu/libnss_nis-2.15.so
7fc72cc91000-7fc72cc92000 rw-p 0000b000 08:01 810118                     /lib/x86_64-linux-gnu/libnss_nis-2.15.so
7fc72cc92000-7fc72cca9000 r-xp 00000000 08:01 823958                     /lib/x86_64-linux-gnu/libnsl-2.15.so
7fc72cca9000-7fc72cea8000 ---p 00017000 08:01 823958                     /lib/x86_64-linux-gnu/libnsl-2.15.so
7fc72cea8000-7fc72cea9000 r--p 00016000 08:01 823958                     /lib/x86_64-linux-gnu/libnsl-2.15.so
7fc72cea9000-7fc72ceaa000 rw-p 00017000 08:01 823958                     /lib/x86_64-linux-gnu/libnsl-2.15.so
7fc72ceaa000-7fc72ceac000 rw-p 00000000 00:00 0 
7fc72ceac000-7fc72ceb4000 r-xp 00000000 08:01 823963                     /lib/x86_64-linux-gnu/libnss_compat-2.15.so
7fc72ceb4000-7fc72d0b3000 ---p 00008000 08:01 823963                     /lib/x86_64-linux-gnu/libnss_compat-2.15.so
7fc72d0b3000-7fc72d0b4000 r--p 00007000 08:01 823963                     /lib/x86_64-linux-gnu/libnss_compat-2.15.so
7fc72d0b4000-7fc72d0b5000 rw-p 00008000 08:01 823963                     /lib/x86_64-linux-gnu/libnss_compat-2.15.so
7fc72d0b5000-7fc72d0df000 r-xp 00000000 08:01 2360327                    /usr/lib/jvm/java-8-oracle/jre/lib/amd64/libjava.so
7fc72d0df000-7fc72d2df000 ---p 0002a000 08:01 2360327                    /usr/lib/jvm/java-8-oracle/jre/lib/amd64/libjava.so
7fc72d2df000-7fc72d2e1000 rw-p 0002a000 08:01 2360327                    /usr/lib/jvm/java-8-oracle/jre/lib/amd64/libjava.so
7fc72d2e1000-7fc72d2ee000 r-xp 00000000 08:01 2360334                    /usr/lib/jvm/java-8-oracle/jre/lib/amd64/libverify.so
7fc72d2ee000-7fc72d4ee000 ---p 0000d000 08:01 2360334                    /usr/lib/jvm/java-8-oracle/jre/lib/amd64/libverify.so
7fc72d4ee000-7fc72d4f0000 rw-p 0000d000 08:01 2360334                    /usr/lib/jvm/java-8-oracle/jre/lib/amd64/libverify.so
7fc72d4f0000-7fc72d4f7000 r-xp 00000000 08:01 810353                     /lib/x86_64-linux-gnu/librt-2.15.so
7fc72d4f7000-7fc72d6f6000 ---p 00007000 08:01 810353                     /lib/x86_64-linux-gnu/librt-2.15.so
7fc72d6f6000-7fc72d6f7000 r--p 00006000 08:01 810353                     /lib/x86_64-linux-gnu/librt-2.15.so
7fc72d6f7000-7fc72d6f8000 rw-p 00007000 08:01 810353                     /lib/x86_64-linux-gnu/librt-2.15.so
7fc72d6f8000-7fc72d7f3000 r-xp 00000000 08:01 823965                     /lib/x86_64-linux-gnu/libm-2.15.so
7fc72d7f3000-7fc72d9f2000 ---p 000fb000 08:01 823965                     /lib/x86_64-linux-gnu/libm-2.15.so
7fc72d9f2000-7fc72d9f3000 r--p 000fa000 08:01 823965                     /lib/x86_64-linux-gnu/libm-2.15.so
7fc72d9f3000-7fc72d9f4000 rw-p 000fb000 08:01 823965                     /lib/x86_64-linux-gnu/libm-2.15.so
7fc72d9f4000-7fc72e6bf000 r-xp 00000000 08:01 2360341                    /usr/lib/jvm/java-8-oracle/jre/lib/amd64/server/libjvm.so
7fc72e6bf000-7fc72e8be000 ---p 00ccb000 08:01 2360341                    /usr/lib/jvm/java-8-oracle/jre/lib/amd64/server/libjvm.so
7fc72e8be000-7fc72e997000 rw-p 00cca000 08:01 2360341                    /usr/lib/jvm/java-8-oracle/jre/lib/amd64/server/libjvm.so
7fc72e997000-7fc72e9e2000 rw-p 00000000 00:00 0 
7fc72e9e2000-7fc72eb96000 r-xp 00000000 08:01 823955                     /lib/x86_64-linux-gnu/libc-2.15.so
7fc72eb96000-7fc72ed95000 ---p 001b4000 08:01 823955                     /lib/x86_64-linux-gnu/libc-2.15.so
7fc72ed95000-7fc72ed99000 r--p 001b3000 08:01 823955                     /lib/x86_64-linux-gnu/libc-2.15.so
7fc72ed99000-7fc72ed9b000 rw-p 001b7000 08:01 823955                     /lib/x86_64-linux-gnu/libc-2.15.so
7fc72ed9b000-7fc72eda0000 rw-p 00000000 00:00 0 
7fc72eda0000-7fc72eda2000 r-xp 00000000 08:01 810101                     /lib/x86_64-linux-gnu/libdl-2.15.so
7fc72eda2000-7fc72efa2000 ---p 00002000 08:01 810101                     /lib/x86_64-linux-gnu/libdl-2.15.so
7fc72efa2000-7fc72efa3000 r--p 00002000 08:01 810101                     /lib/x86_64-linux-gnu/libdl-2.15.so
7fc72efa3000-7fc72efa4000 rw-p 00003000 08:01 810101                     /lib/x86_64-linux-gnu/libdl-2.15.so
7fc72efa4000-7fc72efb9000 r-xp 00000000 08:01 2099466                    /usr/lib/jvm/java-8-oracle/lib/amd64/jli/libjli.so
7fc72efb9000-7fc72f1b9000 ---p 00015000 08:01 2099466                    /usr/lib/jvm/java-8-oracle/lib/amd64/jli/libjli.so
7fc72f1b9000-7fc72f1ba000 rw-p 00015000 08:01 2099466                    /usr/lib/jvm/java-8-oracle/lib/amd64/jli/libjli.so
7fc72f1ba000-7fc72f1d2000 r-xp 00000000 08:01 823959                     /lib/x86_64-linux-gnu/libpthread-2.15.so
7fc72f1d2000-7fc72f3d1000 ---p 00018000 08:01 823959                     /lib/x86_64-linux-gnu/libpthread-2.15.so
7fc72f3d1000-7fc72f3d2000 r--p 00017000 08:01 823959                     /lib/x86_64-linux-gnu/libpthread-2.15.so
7fc72f3d2000-7fc72f3d3000 rw-p 00018000 08:01 823959                     /lib/x86_64-linux-gnu/libpthread-2.15.so
7fc72f3d3000-7fc72f3d7000 rw-p 00000000 00:00 0 
7fc72f3d7000-7fc72f3f9000 r-xp 00000000 08:01 823962                     /lib/x86_64-linux-gnu/ld-2.15.so
7fc72f3f9000-7fc72f3fb000 r--s 00000000 08:01 1706447                    /home/oscar/.sdkman/candidates/gradle/3.0/lib/gradle-jvm-services-3.0.jar
7fc72f3fb000-7fc72f4e1000 rw-p 00000000 00:00 0 
7fc72f4e1000-7fc72f4e4000 ---p 00000000 00:00 0 
7fc72f4e4000-7fc72f5e6000 rw-p 00000000 00:00 0                          [stack:4086]
7fc72f5e6000-7fc72f5eb000 r--s 00041000 08:01 1706457                    /home/oscar/.sdkman/candidates/gradle/3.0/lib/commons-lang-2.6.jar
7fc72f5eb000-7fc72f5ec000 r--s 00007000 08:01 1706455                    /home/oscar/.sdkman/candidates/gradle/3.0/lib/slf4j-api-1.7.10.jar
7fc72f5ec000-7fc72f5ed000 r--s 00004000 08:01 1706479                    /home/oscar/.sdkman/candidates/gradle/3.0/lib/ant-launcher-1.9.6.jar
7fc72f5ed000-7fc72f5f5000 rw-s 00000000 08:01 2546                       /tmp/hsperfdata_oscar/4082
7fc72f5f5000-7fc72f5f6000 rw-p 00000000 00:00 0 
7fc72f5f6000-7fc72f5f7000 ---p 00000000 00:00 0 
7fc72f5f7000-7fc72f5f9000 rw-p 00000000 00:00 0 
7fc72f5f9000-7fc72f5fa000 r--p 00022000 08:01 823962                     /lib/x86_64-linux-gnu/ld-2.15.so
7fc72f5fa000-7fc72f5fc000 rw-p 00023000 08:01 823962                     /lib/x86_64-linux-gnu/ld-2.15.so
7fffa4e64000-7fffa4e85000 rw-p 00000000 00:00 0                          [stack]
7fffa4f63000-7fffa4f64000 r-xp 00000000 00:00 0                          [vdso]
7fffa4f64000-7fffa4f66000 r--p 00000000 00:00 0                          [vvar]
ffffffffff600000-ffffffffff601000 r-xp 00000000 00:00 0                  [vsyscall]

VM Arguments:
jvm_args: -XX:MaxPermSize=256m -XX:+HeapDumpOnOutOfMemoryError -Xmx1024m -Dfile.encoding=UTF-8 -Duser.country=US -Duser.language=en -Duser.variant 
java_command: org.gradle.launcher.daemon.bootstrap.GradleDaemon 3.0
java_class_path (initial): /home/oscar/.sdkman/candidates/gradle/3.0/lib/gradle-launcher-3.0.jar
Launcher Type: SUN_STANDARD

Environment Variables:
JAVA_HOME=/usr/lib/jvm/java-8-oracle
PATH=/home/oscar/.sdkman/candidates/gradle/current/bin:/home/oscar/.rbenv/plugins/ruby-build/bin:/home/oscar/.rbenv/shims:/home/oscar/.rbenv/bin:/usr/lib/lightdm/lightdm:/usr/local/sbin:/usr/local/bin:/usr/sbin:/usr/bin:/sbin:/bin:/usr/games:/usr/lib/jvm/java-8-oracle/bin:/usr/lib/jvm/java-8-oracle/db/bin:/usr/lib/jvm/java-8-oracle/jre/bin
SHELL=/bin/bash
DISPLAY=:0

Signal Handlers:
SIGSEGV: [libjvm.so+0xac4790], sa_mask[0]=11111111011111111101111111111110, sa_flags=SA_RESTART|SA_SIGINFO
SIGBUS: [libjvm.so+0xac4790], sa_mask[0]=11111111011111111101111111111110, sa_flags=SA_RESTART|SA_SIGINFO
SIGFPE: [libjvm.so+0x91f140], sa_mask[0]=11111111011111111101111111111110, sa_flags=SA_RESTART|SA_SIGINFO
SIGPIPE: [libjvm.so+0x91f140], sa_mask[0]=11111111011111111101111111111110, sa_flags=SA_RESTART|SA_SIGINFO
SIGXFSZ: [libjvm.so+0x91f140], sa_mask[0]=11111111011111111101111111111110, sa_flags=SA_RESTART|SA_SIGINFO
SIGILL: [libjvm.so+0x91f140], sa_mask[0]=11111111011111111101111111111110, sa_flags=SA_RESTART|SA_SIGINFO
SIGUSR1: SIG_DFL, sa_mask[0]=00000000000000000000000000000000, sa_flags=none
SIGUSR2: [libjvm.so+0x920770], sa_mask[0]=00100000000000000000000000000000, sa_flags=SA_RESTART|SA_SIGINFO
SIGHUP: [libjvm.so+0x921b70], sa_mask[0]=11111111011111111101111111111110, sa_flags=SA_RESTART|SA_SIGINFO
SIGINT: [libjvm.so+0x921b70], sa_mask[0]=11111111011111111101111111111110, sa_flags=SA_RESTART|SA_SIGINFO
SIGTERM: [libjvm.so+0x921b70], sa_mask[0]=11111111011111111101111111111110, sa_flags=SA_RESTART|SA_SIGINFO
SIGQUIT: [libjvm.so+0x921b70], sa_mask[0]=11111111011111111101111111111110, sa_flags=SA_RESTART|SA_SIGINFO


---------------  S Y S T E M  ---------------

OS:DISTRIB_ID=Ubuntu
DISTRIB_RELEASE=12.04
DISTRIB_CODENAME=precise
DISTRIB_DESCRIPTION="Ubuntu 12.04.5 LTS"

uname:Linux 3.16.35taskreaderadded #1 SMP Mon Jun 27 21:08:16 CLT 2016 x86_64
libc:glibc 2.15 NPTL 2.15 
rlimit: STACK 8192k, CORE 0k, NPROC 7931, NOFILE 4096, AS infinity
load average:1.32 0.76 0.57

/proc/meminfo:
MemTotal:        2049560 kB
MemFree:           74836 kB
MemAvailable:      37848 kB
Buffers:            1520 kB
Cached:            45488 kB
SwapCached:            0 kB
Active:          1830156 kB
Inactive:          36844 kB
Active(anon):    1820776 kB
Inactive(anon):    27756 kB
Active(file):       9380 kB
Inactive(file):     9088 kB
Unevictable:           0 kB
Mlocked:               0 kB
SwapTotal:             0 kB
SwapFree:              0 kB
Dirty:               256 kB
Writeback:             0 kB
AnonPages:       1820084 kB
Mapped:            43232 kB
Shmem:             28448 kB
Slab:              42436 kB
SReclaimable:      20172 kB
SUnreclaim:        22264 kB
KernelStack:        9392 kB
PageTables:        31396 kB
NFS_Unstable:          0 kB
Bounce:                0 kB
WritebackTmp:          0 kB
CommitLimit:     1024780 kB
Committed_AS:    4880060 kB
VmallocTotal:   34359738367 kB
VmallocUsed:       28368 kB
VmallocChunk:   34359700984 kB
HardwareCorrupted:     0 kB
AnonHugePages:    976896 kB
HugePages_Total:       0
HugePages_Free:        0
HugePages_Rsvd:        0
HugePages_Surp:        0
Hugepagesize:       2048 kB
DirectMap4k:       55232 kB
DirectMap2M:     2041856 kB


CPU:total 2 (2 cores per cpu, 1 threads per core) family 6 model 42 stepping 7, cmov, cx8, fxsr, mmx, sse, sse2, sse3, ssse3, tsc

/proc/cpuinfo:
processor	: 0
vendor_id	: GenuineIntel
cpu family	: 6
model		: 42
model name	: Intel(R) Core(TM) i5-2450M CPU @ 2.50GHz
stepping	: 7
cpu MHz		: 2396.818
cache size	: 6144 KB
physical id	: 0
siblings	: 2
core id		: 0
cpu cores	: 2
apicid		: 0
initial apicid	: 0
fpu		: yes
fpu_exception	: yes
cpuid level	: 5
wp		: yes
flags		: fpu vme de pse tsc msr pae mce cx8 apic sep mtrr pge mca cmov pat pse36 clflush mmx fxsr sse sse2 ht syscall nx rdtscp lm constant_tsc rep_good nopl pni ssse3 lahf_lm
bogomips	: 4793.63
clflush size	: 64
cache_alignment	: 64
address sizes	: 36 bits physical, 48 bits virtual
power management:

processor	: 1
vendor_id	: GenuineIntel
cpu family	: 6
model		: 42
model name	: Intel(R) Core(TM) i5-2450M CPU @ 2.50GHz
stepping	: 7
cpu MHz		: 2396.818
cache size	: 6144 KB
physical id	: 0
siblings	: 2
core id		: 1
cpu cores	: 2
apicid		: 1
initial apicid	: 1
fpu		: yes
fpu_exception	: yes
cpuid level	: 5
wp		: yes
flags		: fpu vme de pse tsc msr pae mce cx8 apic sep mtrr pge mca cmov pat pse36 clflush mmx fxsr sse sse2 ht syscall nx rdtscp lm constant_tsc rep_good nopl pni ssse3 lahf_lm
bogomips	: 4793.63
clflush size	: 64
cache_alignment	: 64
address sizes	: 36 bits physical, 48 bits virtual
power management:



Memory: 4k page, physical 2049560k(75260k free), swap 0k(0k free)

vm_info: Java HotSpot(TM) 64-Bit Server VM (25.101-b13) for linux-amd64 JRE (1.8.0_101-b13), built on Jun 22 2016 02:59:44 by "java_re" with gcc 4.3.0 20080428 (Red Hat 4.3.0-8)

time: Sun Nov  6 18:25:02 2016
elapsed time: 12 seconds (0d 0h 0m 12s)

